{"timestamp":"2026-04-10T00:02:46.668838Z","level":"info","event":"Filling up the DagBag from /opt/airflow/dags/pipeline_etl.py","logger":"airflow.models.dagbag.BundleDagBag","filename":"dagbag.py","lineno":593}
{"timestamp":"2026-04-10T00:02:46.964060Z","level":"warning","event":"The `airflow.decorators.dag` attribute is deprecated. Please use `'airflow.sdk.dag'`.","category":"DeprecatedImportWarning","filename":"/opt/airflow/dags/pipeline_etl.py","lineno":1,"logger":"py.warnings"}
{"timestamp":"2026-04-10T00:02:46.967575Z","level":"warning","event":"The `airflow.decorators.task` attribute is deprecated. Please use `'airflow.sdk.task'`.","category":"DeprecatedImportWarning","filename":"/opt/airflow/dags/pipeline_etl.py","lineno":1,"logger":"py.warnings"}
{"timestamp":"2026-04-10T00:03:17.573726Z","level":"info","event":"Filling up the DagBag from /opt/airflow/dags/pipeline_etl.py","logger":"airflow.models.dagbag.BundleDagBag","filename":"dagbag.py","lineno":593}
{"timestamp":"2026-04-10T00:03:17.695011Z","level":"warning","event":"The `airflow.decorators.dag` attribute is deprecated. Please use `'airflow.sdk.dag'`.","category":"DeprecatedImportWarning","filename":"/opt/airflow/dags/pipeline_etl.py","lineno":1,"logger":"py.warnings"}
{"timestamp":"2026-04-10T00:03:17.695230Z","level":"warning","event":"The `airflow.decorators.task` attribute is deprecated. Please use `'airflow.sdk.task'`.","category":"DeprecatedImportWarning","filename":"/opt/airflow/dags/pipeline_etl.py","lineno":1,"logger":"py.warnings"}
{"timestamp":"2026-04-10T00:03:48.513651Z","level":"info","event":"Filling up the DagBag from /opt/airflow/dags/pipeline_etl.py","logger":"airflow.models.dagbag.BundleDagBag","filename":"dagbag.py","lineno":593}
{"timestamp":"2026-04-10T00:03:48.615085Z","level":"warning","event":"The `airflow.decorators.dag` attribute is deprecated. Please use `'airflow.sdk.dag'`.","category":"DeprecatedImportWarning","filename":"/opt/airflow/dags/pipeline_etl.py","lineno":1,"logger":"py.warnings"}
{"timestamp":"2026-04-10T00:03:48.615315Z","level":"warning","event":"The `airflow.decorators.task` attribute is deprecated. Please use `'airflow.sdk.task'`.","category":"DeprecatedImportWarning","filename":"/opt/airflow/dags/pipeline_etl.py","lineno":1,"logger":"py.warnings"}
{"timestamp":"2026-04-10T00:04:18.819230Z","level":"info","event":"Filling up the DagBag from /opt/airflow/dags/pipeline_etl.py","logger":"airflow.models.dagbag.BundleDagBag","filename":"dagbag.py","lineno":593}
{"timestamp":"2026-04-10T00:04:18.865153Z","level":"warning","event":"The `airflow.decorators.dag` attribute is deprecated. Please use `'airflow.sdk.dag'`.","category":"DeprecatedImportWarning","filename":"/opt/airflow/dags/pipeline_etl.py","lineno":1,"logger":"py.warnings"}
{"timestamp":"2026-04-10T00:04:18.865331Z","level":"warning","event":"The `airflow.decorators.task` attribute is deprecated. Please use `'airflow.sdk.task'`.","category":"DeprecatedImportWarning","filename":"/opt/airflow/dags/pipeline_etl.py","lineno":1,"logger":"py.warnings"}
{"timestamp":"2026-04-10T00:05:03.857418Z","level":"info","event":"Filling up the DagBag from /opt/airflow/dags/pipeline_etl.py","logger":"airflow.models.dagbag.BundleDagBag","filename":"dagbag.py","lineno":593}
{"timestamp":"2026-04-10T00:05:04.002432Z","level":"warning","event":"The `airflow.decorators.dag` attribute is deprecated. Please use `'airflow.sdk.dag'`.","category":"DeprecatedImportWarning","filename":"/opt/airflow/dags/pipeline_etl.py","lineno":1,"logger":"py.warnings"}
{"timestamp":"2026-04-10T00:05:04.002714Z","level":"warning","event":"The `airflow.decorators.task` attribute is deprecated. Please use `'airflow.sdk.task'`.","category":"DeprecatedImportWarning","filename":"/opt/airflow/dags/pipeline_etl.py","lineno":1,"logger":"py.warnings"}
{"timestamp":"2026-04-10T00:05:34.928035Z","level":"info","event":"Filling up the DagBag from /opt/airflow/dags/pipeline_etl.py","logger":"airflow.models.dagbag.BundleDagBag","filename":"dagbag.py","lineno":593}
{"timestamp":"2026-04-10T00:05:35.067580Z","level":"warning","event":"The `airflow.decorators.dag` attribute is deprecated. Please use `'airflow.sdk.dag'`.","category":"DeprecatedImportWarning","filename":"/opt/airflow/dags/pipeline_etl.py","lineno":1,"logger":"py.warnings"}
{"timestamp":"2026-04-10T00:05:35.067981Z","level":"warning","event":"The `airflow.decorators.task` attribute is deprecated. Please use `'airflow.sdk.task'`.","category":"DeprecatedImportWarning","filename":"/opt/airflow/dags/pipeline_etl.py","lineno":1,"logger":"py.warnings"}
{"timestamp":"2026-04-10T00:06:06.693267Z","level":"info","event":"Filling up the DagBag from /opt/airflow/dags/pipeline_etl.py","logger":"airflow.models.dagbag.BundleDagBag","filename":"dagbag.py","lineno":593}
{"timestamp":"2026-04-10T00:06:06.853964Z","level":"warning","event":"The `airflow.decorators.dag` attribute is deprecated. Please use `'airflow.sdk.dag'`.","category":"DeprecatedImportWarning","filename":"/opt/airflow/dags/pipeline_etl.py","lineno":1,"logger":"py.warnings"}
{"timestamp":"2026-04-10T00:06:06.854124Z","level":"warning","event":"The `airflow.decorators.task` attribute is deprecated. Please use `'airflow.sdk.task'`.","category":"DeprecatedImportWarning","filename":"/opt/airflow/dags/pipeline_etl.py","lineno":1,"logger":"py.warnings"}
{"timestamp":"2026-04-10T00:06:41.744646Z","level":"info","event":"Filling up the DagBag from /opt/airflow/dags/pipeline_etl.py","logger":"airflow.models.dagbag.BundleDagBag","filename":"dagbag.py","lineno":593}
{"timestamp":"2026-04-10T00:06:42.764185Z","level":"warning","event":"The `airflow.decorators.dag` attribute is deprecated. Please use `'airflow.sdk.dag'`.","category":"DeprecatedImportWarning","filename":"/opt/airflow/dags/pipeline_etl.py","lineno":1,"logger":"py.warnings"}
{"timestamp":"2026-04-10T00:06:42.764427Z","level":"warning","event":"The `airflow.decorators.task` attribute is deprecated. Please use `'airflow.sdk.task'`.","category":"DeprecatedImportWarning","filename":"/opt/airflow/dags/pipeline_etl.py","lineno":1,"logger":"py.warnings"}
{"timestamp":"2026-04-10T00:08:07.559082Z","level":"info","event":"Filling up the DagBag from /opt/airflow/dags/pipeline_etl.py","logger":"airflow.models.dagbag.BundleDagBag","filename":"dagbag.py","lineno":593}
{"timestamp":"2026-04-10T00:08:07.813145Z","level":"warning","event":"The `airflow.decorators.dag` attribute is deprecated. Please use `'airflow.sdk.dag'`.","category":"DeprecatedImportWarning","filename":"/opt/airflow/dags/pipeline_etl.py","lineno":1,"logger":"py.warnings"}
{"timestamp":"2026-04-10T00:08:07.813460Z","level":"warning","event":"The `airflow.decorators.task` attribute is deprecated. Please use `'airflow.sdk.task'`.","category":"DeprecatedImportWarning","filename":"/opt/airflow/dags/pipeline_etl.py","lineno":1,"logger":"py.warnings"}
{"timestamp":"2026-04-10T00:08:39.678925Z","level":"info","event":"Filling up the DagBag from /opt/airflow/dags/pipeline_etl.py","logger":"airflow.models.dagbag.BundleDagBag","filename":"dagbag.py","lineno":593}
{"timestamp":"2026-04-10T00:08:39.731794Z","level":"warning","event":"The `airflow.decorators.dag` attribute is deprecated. Please use `'airflow.sdk.dag'`.","category":"DeprecatedImportWarning","filename":"/opt/airflow/dags/pipeline_etl.py","lineno":1,"logger":"py.warnings"}
{"timestamp":"2026-04-10T00:08:39.732053Z","level":"warning","event":"The `airflow.decorators.task` attribute is deprecated. Please use `'airflow.sdk.task'`.","category":"DeprecatedImportWarning","filename":"/opt/airflow/dags/pipeline_etl.py","lineno":1,"logger":"py.warnings"}
{"timestamp":"2026-04-10T00:09:10.496493Z","level":"info","event":"Filling up the DagBag from /opt/airflow/dags/pipeline_etl.py","logger":"airflow.models.dagbag.BundleDagBag","filename":"dagbag.py","lineno":593}
{"timestamp":"2026-04-10T00:09:10.576085Z","level":"warning","event":"The `airflow.decorators.dag` attribute is deprecated. Please use `'airflow.sdk.dag'`.","category":"DeprecatedImportWarning","filename":"/opt/airflow/dags/pipeline_etl.py","lineno":1,"logger":"py.warnings"}
{"timestamp":"2026-04-10T00:09:10.576352Z","level":"warning","event":"The `airflow.decorators.task` attribute is deprecated. Please use `'airflow.sdk.task'`.","category":"DeprecatedImportWarning","filename":"/opt/airflow/dags/pipeline_etl.py","lineno":1,"logger":"py.warnings"}
{"timestamp":"2026-04-10T00:09:43.134675Z","level":"info","event":"Filling up the DagBag from /opt/airflow/dags/pipeline_etl.py","logger":"airflow.models.dagbag.BundleDagBag","filename":"dagbag.py","lineno":593}
{"timestamp":"2026-04-10T00:09:43.579930Z","level":"warning","event":"The `airflow.decorators.dag` attribute is deprecated. Please use `'airflow.sdk.dag'`.","category":"DeprecatedImportWarning","filename":"/opt/airflow/dags/pipeline_etl.py","lineno":1,"logger":"py.warnings"}
{"timestamp":"2026-04-10T00:09:43.580266Z","level":"warning","event":"The `airflow.decorators.task` attribute is deprecated. Please use `'airflow.sdk.task'`.","category":"DeprecatedImportWarning","filename":"/opt/airflow/dags/pipeline_etl.py","lineno":1,"logger":"py.warnings"}
{"timestamp":"2026-04-10T00:10:19.418851Z","level":"info","event":"Filling up the DagBag from /opt/airflow/dags/pipeline_etl.py","logger":"airflow.models.dagbag.BundleDagBag","filename":"dagbag.py","lineno":593}
{"timestamp":"2026-04-10T00:10:19.538617Z","level":"warning","event":"The `airflow.decorators.dag` attribute is deprecated. Please use `'airflow.sdk.dag'`.","category":"DeprecatedImportWarning","filename":"/opt/airflow/dags/pipeline_etl.py","lineno":1,"logger":"py.warnings"}
{"timestamp":"2026-04-10T00:10:19.538809Z","level":"warning","event":"The `airflow.decorators.task` attribute is deprecated. Please use `'airflow.sdk.task'`.","category":"DeprecatedImportWarning","filename":"/opt/airflow/dags/pipeline_etl.py","lineno":1,"logger":"py.warnings"}
{"timestamp":"2026-04-10T00:10:55.090248Z","level":"info","event":"Filling up the DagBag from /opt/airflow/dags/pipeline_etl.py","logger":"airflow.models.dagbag.BundleDagBag","filename":"dagbag.py","lineno":593}
{"timestamp":"2026-04-10T00:10:55.486604Z","level":"warning","event":"The `airflow.decorators.dag` attribute is deprecated. Please use `'airflow.sdk.dag'`.","category":"DeprecatedImportWarning","filename":"/opt/airflow/dags/pipeline_etl.py","lineno":1,"logger":"py.warnings"}
{"timestamp":"2026-04-10T00:10:55.486797Z","level":"warning","event":"The `airflow.decorators.task` attribute is deprecated. Please use `'airflow.sdk.task'`.","category":"DeprecatedImportWarning","filename":"/opt/airflow/dags/pipeline_etl.py","lineno":1,"logger":"py.warnings"}
{"timestamp":"2026-04-10T00:11:40.447309Z","level":"info","event":"Filling up the DagBag from /opt/airflow/dags/pipeline_etl.py","logger":"airflow.models.dagbag.BundleDagBag","filename":"dagbag.py","lineno":593}
{"timestamp":"2026-04-10T00:11:41.576540Z","level":"warning","event":"The `airflow.decorators.dag` attribute is deprecated. Please use `'airflow.sdk.dag'`.","category":"DeprecatedImportWarning","filename":"/opt/airflow/dags/pipeline_etl.py","lineno":1,"logger":"py.warnings"}
{"timestamp":"2026-04-10T00:11:41.576913Z","level":"warning","event":"The `airflow.decorators.task` attribute is deprecated. Please use `'airflow.sdk.task'`.","category":"DeprecatedImportWarning","filename":"/opt/airflow/dags/pipeline_etl.py","lineno":1,"logger":"py.warnings"}
{"timestamp":"2026-04-10T00:12:13.452489Z","level":"info","event":"Filling up the DagBag from /opt/airflow/dags/pipeline_etl.py","logger":"airflow.models.dagbag.BundleDagBag","filename":"dagbag.py","lineno":593}
{"timestamp":"2026-04-10T00:12:13.701193Z","level":"warning","event":"The `airflow.decorators.dag` attribute is deprecated. Please use `'airflow.sdk.dag'`.","category":"DeprecatedImportWarning","filename":"/opt/airflow/dags/pipeline_etl.py","lineno":1,"logger":"py.warnings"}
{"timestamp":"2026-04-10T00:12:13.702082Z","level":"warning","event":"The `airflow.decorators.task` attribute is deprecated. Please use `'airflow.sdk.task'`.","category":"DeprecatedImportWarning","filename":"/opt/airflow/dags/pipeline_etl.py","lineno":1,"logger":"py.warnings"}
{"timestamp":"2026-04-10T00:12:44.956026Z","level":"info","event":"Filling up the DagBag from /opt/airflow/dags/pipeline_etl.py","logger":"airflow.models.dagbag.BundleDagBag","filename":"dagbag.py","lineno":593}
{"timestamp":"2026-04-10T00:12:45.396779Z","level":"warning","event":"The `airflow.decorators.dag` attribute is deprecated. Please use `'airflow.sdk.dag'`.","category":"DeprecatedImportWarning","filename":"/opt/airflow/dags/pipeline_etl.py","lineno":1,"logger":"py.warnings"}
{"timestamp":"2026-04-10T00:12:45.397016Z","level":"warning","event":"The `airflow.decorators.task` attribute is deprecated. Please use `'airflow.sdk.task'`.","category":"DeprecatedImportWarning","filename":"/opt/airflow/dags/pipeline_etl.py","lineno":1,"logger":"py.warnings"}
{"timestamp":"2026-04-10T00:13:45.654682Z","level":"info","event":"Filling up the DagBag from /opt/airflow/dags/pipeline_etl.py","logger":"airflow.models.dagbag.BundleDagBag","filename":"dagbag.py","lineno":593}
{"timestamp":"2026-04-10T00:13:45.782102Z","level":"warning","event":"The `airflow.decorators.dag` attribute is deprecated. Please use `'airflow.sdk.dag'`.","category":"DeprecatedImportWarning","filename":"/opt/airflow/dags/pipeline_etl.py","lineno":1,"logger":"py.warnings"}
{"timestamp":"2026-04-10T00:13:45.782325Z","level":"warning","event":"The `airflow.decorators.task` attribute is deprecated. Please use `'airflow.sdk.task'`.","category":"DeprecatedImportWarning","filename":"/opt/airflow/dags/pipeline_etl.py","lineno":1,"logger":"py.warnings"}
{"timestamp":"2026-04-10T00:14:16.414866Z","level":"info","event":"Filling up the DagBag from /opt/airflow/dags/pipeline_etl.py","logger":"airflow.models.dagbag.BundleDagBag","filename":"dagbag.py","lineno":593}
{"timestamp":"2026-04-10T00:14:16.693690Z","level":"warning","event":"The `airflow.decorators.dag` attribute is deprecated. Please use `'airflow.sdk.dag'`.","category":"DeprecatedImportWarning","filename":"/opt/airflow/dags/pipeline_etl.py","lineno":1,"logger":"py.warnings"}
{"timestamp":"2026-04-10T00:14:16.705183Z","level":"warning","event":"The `airflow.decorators.task` attribute is deprecated. Please use `'airflow.sdk.task'`.","category":"DeprecatedImportWarning","filename":"/opt/airflow/dags/pipeline_etl.py","lineno":1,"logger":"py.warnings"}
{"timestamp":"2026-04-10T00:14:29.723897Z","level":"info","event":"Filling up the DagBag from /opt/airflow/dags/pipeline_etl.py","logger":"airflow.models.dagbag.BundleDagBag","filename":"dagbag.py","lineno":593}
{"timestamp":"2026-04-10T00:14:30.981710Z","level":"warning","event":"The `airflow.decorators.dag` attribute is deprecated. Please use `'airflow.sdk.dag'`.","category":"DeprecatedImportWarning","filename":"/opt/airflow/dags/pipeline_etl.py","lineno":1,"logger":"py.warnings"}
{"timestamp":"2026-04-10T00:14:30.982025Z","level":"warning","event":"The `airflow.decorators.task` attribute is deprecated. Please use `'airflow.sdk.task'`.","category":"DeprecatedImportWarning","filename":"/opt/airflow/dags/pipeline_etl.py","lineno":1,"logger":"py.warnings"}
{"timestamp":"2026-04-10T00:14:35.494715Z","level":"info","event":"Filling up the DagBag from /opt/airflow/dags/pipeline_etl.py","logger":"airflow.models.dagbag.BundleDagBag","filename":"dagbag.py","lineno":593}
{"timestamp":"2026-04-10T00:14:35.593712Z","level":"warning","event":"The `airflow.decorators.dag` attribute is deprecated. Please use `'airflow.sdk.dag'`.","category":"DeprecatedImportWarning","filename":"/opt/airflow/dags/pipeline_etl.py","lineno":1,"logger":"py.warnings"}
{"timestamp":"2026-04-10T00:14:35.594077Z","level":"warning","event":"The `airflow.decorators.task` attribute is deprecated. Please use `'airflow.sdk.task'`.","category":"DeprecatedImportWarning","filename":"/opt/airflow/dags/pipeline_etl.py","lineno":1,"logger":"py.warnings"}
{"timestamp":"2026-04-10T00:14:44.782721Z","level":"info","event":"Filling up the DagBag from /opt/airflow/dags/pipeline_etl.py","logger":"airflow.models.dagbag.BundleDagBag","filename":"dagbag.py","lineno":593}
{"timestamp":"2026-04-10T00:14:44.858131Z","level":"warning","event":"The `airflow.decorators.dag` attribute is deprecated. Please use `'airflow.sdk.dag'`.","category":"DeprecatedImportWarning","filename":"/opt/airflow/dags/pipeline_etl.py","lineno":1,"logger":"py.warnings"}
{"timestamp":"2026-04-10T00:14:44.858256Z","level":"warning","event":"The `airflow.decorators.task` attribute is deprecated. Please use `'airflow.sdk.task'`.","category":"DeprecatedImportWarning","filename":"/opt/airflow/dags/pipeline_etl.py","lineno":1,"logger":"py.warnings"}
{"timestamp":"2026-04-10T00:15:18.996416Z","level":"info","event":"Filling up the DagBag from /opt/airflow/dags/pipeline_etl.py","logger":"airflow.models.dagbag.BundleDagBag","filename":"dagbag.py","lineno":593}
{"timestamp":"2026-04-10T00:15:19.041157Z","level":"warning","event":"The `airflow.decorators.dag` attribute is deprecated. Please use `'airflow.sdk.dag'`.","category":"DeprecatedImportWarning","filename":"/opt/airflow/dags/pipeline_etl.py","lineno":1,"logger":"py.warnings"}
{"timestamp":"2026-04-10T00:15:19.041355Z","level":"warning","event":"The `airflow.decorators.task` attribute is deprecated. Please use `'airflow.sdk.task'`.","category":"DeprecatedImportWarning","filename":"/opt/airflow/dags/pipeline_etl.py","lineno":1,"logger":"py.warnings"}
{"timestamp":"2026-04-10T00:15:49.741413Z","level":"info","event":"Filling up the DagBag from /opt/airflow/dags/pipeline_etl.py","logger":"airflow.models.dagbag.BundleDagBag","filename":"dagbag.py","lineno":593}
{"timestamp":"2026-04-10T00:15:49.894740Z","level":"warning","event":"The `airflow.decorators.dag` attribute is deprecated. Please use `'airflow.sdk.dag'`.","category":"DeprecatedImportWarning","filename":"/opt/airflow/dags/pipeline_etl.py","lineno":1,"logger":"py.warnings"}
{"timestamp":"2026-04-10T00:15:49.894893Z","level":"warning","event":"The `airflow.decorators.task` attribute is deprecated. Please use `'airflow.sdk.task'`.","category":"DeprecatedImportWarning","filename":"/opt/airflow/dags/pipeline_etl.py","lineno":1,"logger":"py.warnings"}
{"timestamp":"2026-04-10T00:16:22.146214Z","level":"info","event":"Filling up the DagBag from /opt/airflow/dags/pipeline_etl.py","logger":"airflow.models.dagbag.BundleDagBag","filename":"dagbag.py","lineno":593}
{"timestamp":"2026-04-10T00:16:23.050824Z","level":"warning","event":"The `airflow.decorators.dag` attribute is deprecated. Please use `'airflow.sdk.dag'`.","category":"DeprecatedImportWarning","filename":"/opt/airflow/dags/pipeline_etl.py","lineno":1,"logger":"py.warnings"}
{"timestamp":"2026-04-10T00:16:23.050960Z","level":"warning","event":"The `airflow.decorators.task` attribute is deprecated. Please use `'airflow.sdk.task'`.","category":"DeprecatedImportWarning","filename":"/opt/airflow/dags/pipeline_etl.py","lineno":1,"logger":"py.warnings"}
{"timestamp":"2026-04-10T00:16:44.836906Z","level":"info","event":"Filling up the DagBag from /opt/airflow/dags/pipeline_etl.py","logger":"airflow.models.dagbag.BundleDagBag","filename":"dagbag.py","lineno":593}
{"timestamp":"2026-04-10T00:16:48.816462Z","level":"warning","event":"The `airflow.decorators.dag` attribute is deprecated. Please use `'airflow.sdk.dag'`.","category":"DeprecatedImportWarning","filename":"/opt/airflow/dags/pipeline_etl.py","lineno":1,"logger":"py.warnings"}
{"timestamp":"2026-04-10T00:16:48.816653Z","level":"warning","event":"The `airflow.decorators.task` attribute is deprecated. Please use `'airflow.sdk.task'`.","category":"DeprecatedImportWarning","filename":"/opt/airflow/dags/pipeline_etl.py","lineno":1,"logger":"py.warnings"}
{"timestamp":"2026-04-10T00:16:53.190711Z","level":"info","event":"Filling up the DagBag from /opt/airflow/dags/pipeline_etl.py","logger":"airflow.models.dagbag.BundleDagBag","filename":"dagbag.py","lineno":593}
{"timestamp":"2026-04-10T00:16:53.312669Z","level":"warning","event":"The `airflow.decorators.dag` attribute is deprecated. Please use `'airflow.sdk.dag'`.","category":"DeprecatedImportWarning","filename":"/opt/airflow/dags/pipeline_etl.py","lineno":1,"logger":"py.warnings"}
{"timestamp":"2026-04-10T00:16:53.312880Z","level":"warning","event":"The `airflow.decorators.task` attribute is deprecated. Please use `'airflow.sdk.task'`.","category":"DeprecatedImportWarning","filename":"/opt/airflow/dags/pipeline_etl.py","lineno":1,"logger":"py.warnings"}
{"timestamp":"2026-04-10T00:17:21.472918Z","level":"info","event":"Filling up the DagBag from /opt/airflow/dags/pipeline_etl.py","logger":"airflow.models.dagbag.BundleDagBag","filename":"dagbag.py","lineno":593}
{"timestamp":"2026-04-10T00:17:21.878734Z","level":"warning","event":"The `airflow.decorators.dag` attribute is deprecated. Please use `'airflow.sdk.dag'`.","category":"DeprecatedImportWarning","filename":"/opt/airflow/dags/pipeline_etl.py","lineno":1,"logger":"py.warnings"}
{"timestamp":"2026-04-10T00:17:21.879107Z","level":"warning","event":"The `airflow.decorators.task` attribute is deprecated. Please use `'airflow.sdk.task'`.","category":"DeprecatedImportWarning","filename":"/opt/airflow/dags/pipeline_etl.py","lineno":1,"logger":"py.warnings"}
{"timestamp":"2026-04-10T00:17:52.750940Z","level":"info","event":"Filling up the DagBag from /opt/airflow/dags/pipeline_etl.py","logger":"airflow.models.dagbag.BundleDagBag","filename":"dagbag.py","lineno":593}
{"timestamp":"2026-04-10T00:17:52.942697Z","level":"warning","event":"The `airflow.decorators.dag` attribute is deprecated. Please use `'airflow.sdk.dag'`.","category":"DeprecatedImportWarning","filename":"/opt/airflow/dags/pipeline_etl.py","lineno":1,"logger":"py.warnings"}
{"timestamp":"2026-04-10T00:17:52.942865Z","level":"warning","event":"The `airflow.decorators.task` attribute is deprecated. Please use `'airflow.sdk.task'`.","category":"DeprecatedImportWarning","filename":"/opt/airflow/dags/pipeline_etl.py","lineno":1,"logger":"py.warnings"}
{"timestamp":"2026-04-10T00:18:23.762393Z","level":"info","event":"Filling up the DagBag from /opt/airflow/dags/pipeline_etl.py","logger":"airflow.models.dagbag.BundleDagBag","filename":"dagbag.py","lineno":593}
{"timestamp":"2026-04-10T00:18:23.885248Z","level":"warning","event":"The `airflow.decorators.dag` attribute is deprecated. Please use `'airflow.sdk.dag'`.","category":"DeprecatedImportWarning","filename":"/opt/airflow/dags/pipeline_etl.py","lineno":1,"logger":"py.warnings"}
{"timestamp":"2026-04-10T00:18:23.885522Z","level":"warning","event":"The `airflow.decorators.task` attribute is deprecated. Please use `'airflow.sdk.task'`.","category":"DeprecatedImportWarning","filename":"/opt/airflow/dags/pipeline_etl.py","lineno":1,"logger":"py.warnings"}
{"timestamp":"2026-04-10T00:18:54.104747Z","level":"info","event":"Filling up the DagBag from /opt/airflow/dags/pipeline_etl.py","logger":"airflow.models.dagbag.BundleDagBag","filename":"dagbag.py","lineno":593}
{"timestamp":"2026-04-10T00:18:54.216161Z","level":"warning","event":"The `airflow.decorators.dag` attribute is deprecated. Please use `'airflow.sdk.dag'`.","category":"DeprecatedImportWarning","filename":"/opt/airflow/dags/pipeline_etl.py","lineno":1,"logger":"py.warnings"}
{"timestamp":"2026-04-10T00:18:54.216420Z","level":"warning","event":"The `airflow.decorators.task` attribute is deprecated. Please use `'airflow.sdk.task'`.","category":"DeprecatedImportWarning","filename":"/opt/airflow/dags/pipeline_etl.py","lineno":1,"logger":"py.warnings"}
{"timestamp":"2026-04-10T00:19:27.030240Z","level":"info","event":"Filling up the DagBag from /opt/airflow/dags/pipeline_etl.py","logger":"airflow.models.dagbag.BundleDagBag","filename":"dagbag.py","lineno":593}
{"timestamp":"2026-04-10T00:19:27.099383Z","level":"warning","event":"The `airflow.decorators.dag` attribute is deprecated. Please use `'airflow.sdk.dag'`.","category":"DeprecatedImportWarning","filename":"/opt/airflow/dags/pipeline_etl.py","lineno":1,"logger":"py.warnings"}
{"timestamp":"2026-04-10T00:19:27.099556Z","level":"warning","event":"The `airflow.decorators.task` attribute is deprecated. Please use `'airflow.sdk.task'`.","category":"DeprecatedImportWarning","filename":"/opt/airflow/dags/pipeline_etl.py","lineno":1,"logger":"py.warnings"}
{"timestamp":"2026-04-10T00:20:09.056503Z","level":"info","event":"Filling up the DagBag from /opt/airflow/dags/pipeline_etl.py","logger":"airflow.models.dagbag.BundleDagBag","filename":"dagbag.py","lineno":593}
{"timestamp":"2026-04-10T00:20:09.103467Z","level":"warning","event":"The `airflow.decorators.dag` attribute is deprecated. Please use `'airflow.sdk.dag'`.","category":"DeprecatedImportWarning","filename":"/opt/airflow/dags/pipeline_etl.py","lineno":1,"logger":"py.warnings"}
{"timestamp":"2026-04-10T00:20:09.103682Z","level":"warning","event":"The `airflow.decorators.task` attribute is deprecated. Please use `'airflow.sdk.task'`.","category":"DeprecatedImportWarning","filename":"/opt/airflow/dags/pipeline_etl.py","lineno":1,"logger":"py.warnings"}
{"timestamp":"2026-04-10T00:20:41.400298Z","level":"info","event":"Filling up the DagBag from /opt/airflow/dags/pipeline_etl.py","logger":"airflow.models.dagbag.BundleDagBag","filename":"dagbag.py","lineno":593}
{"timestamp":"2026-04-10T00:20:41.830223Z","level":"warning","event":"The `airflow.decorators.dag` attribute is deprecated. Please use `'airflow.sdk.dag'`.","category":"DeprecatedImportWarning","filename":"/opt/airflow/dags/pipeline_etl.py","lineno":1,"logger":"py.warnings"}
{"timestamp":"2026-04-10T00:20:41.830424Z","level":"warning","event":"The `airflow.decorators.task` attribute is deprecated. Please use `'airflow.sdk.task'`.","category":"DeprecatedImportWarning","filename":"/opt/airflow/dags/pipeline_etl.py","lineno":1,"logger":"py.warnings"}
{"timestamp":"2026-04-10T00:21:13.800889Z","level":"info","event":"Filling up the DagBag from /opt/airflow/dags/pipeline_etl.py","logger":"airflow.models.dagbag.BundleDagBag","filename":"dagbag.py","lineno":593}
{"timestamp":"2026-04-10T00:21:13.920762Z","level":"warning","event":"The `airflow.decorators.dag` attribute is deprecated. Please use `'airflow.sdk.dag'`.","category":"DeprecatedImportWarning","filename":"/opt/airflow/dags/pipeline_etl.py","lineno":1,"logger":"py.warnings"}
{"timestamp":"2026-04-10T00:21:13.922208Z","level":"warning","event":"The `airflow.decorators.task` attribute is deprecated. Please use `'airflow.sdk.task'`.","category":"DeprecatedImportWarning","filename":"/opt/airflow/dags/pipeline_etl.py","lineno":1,"logger":"py.warnings"}
{"timestamp":"2026-04-10T00:21:44.666677Z","level":"info","event":"Filling up the DagBag from /opt/airflow/dags/pipeline_etl.py","logger":"airflow.models.dagbag.BundleDagBag","filename":"dagbag.py","lineno":593}
{"timestamp":"2026-04-10T00:21:44.695107Z","level":"warning","event":"The `airflow.decorators.dag` attribute is deprecated. Please use `'airflow.sdk.dag'`.","category":"DeprecatedImportWarning","filename":"/opt/airflow/dags/pipeline_etl.py","lineno":1,"logger":"py.warnings"}
{"timestamp":"2026-04-10T00:21:44.695297Z","level":"warning","event":"The `airflow.decorators.task` attribute is deprecated. Please use `'airflow.sdk.task'`.","category":"DeprecatedImportWarning","filename":"/opt/airflow/dags/pipeline_etl.py","lineno":1,"logger":"py.warnings"}
{"timestamp":"2026-04-10T00:22:15.065074Z","level":"info","event":"Filling up the DagBag from /opt/airflow/dags/pipeline_etl.py","logger":"airflow.models.dagbag.BundleDagBag","filename":"dagbag.py","lineno":593}
{"timestamp":"2026-04-10T00:22:15.103337Z","level":"warning","event":"The `airflow.decorators.dag` attribute is deprecated. Please use `'airflow.sdk.dag'`.","category":"DeprecatedImportWarning","filename":"/opt/airflow/dags/pipeline_etl.py","lineno":1,"logger":"py.warnings"}
{"timestamp":"2026-04-10T00:22:15.103545Z","level":"warning","event":"The `airflow.decorators.task` attribute is deprecated. Please use `'airflow.sdk.task'`.","category":"DeprecatedImportWarning","filename":"/opt/airflow/dags/pipeline_etl.py","lineno":1,"logger":"py.warnings"}
{"timestamp":"2026-04-10T00:22:45.740831Z","level":"info","event":"Filling up the DagBag from /opt/airflow/dags/pipeline_etl.py","logger":"airflow.models.dagbag.BundleDagBag","filename":"dagbag.py","lineno":593}
{"timestamp":"2026-04-10T00:22:45.913184Z","level":"warning","event":"The `airflow.decorators.dag` attribute is deprecated. Please use `'airflow.sdk.dag'`.","category":"DeprecatedImportWarning","filename":"/opt/airflow/dags/pipeline_etl.py","lineno":1,"logger":"py.warnings"}
{"timestamp":"2026-04-10T00:22:45.913365Z","level":"warning","event":"The `airflow.decorators.task` attribute is deprecated. Please use `'airflow.sdk.task'`.","category":"DeprecatedImportWarning","filename":"/opt/airflow/dags/pipeline_etl.py","lineno":1,"logger":"py.warnings"}
{"timestamp":"2026-04-10T00:23:16.522456Z","level":"info","event":"Filling up the DagBag from /opt/airflow/dags/pipeline_etl.py","logger":"airflow.models.dagbag.BundleDagBag","filename":"dagbag.py","lineno":593}
{"timestamp":"2026-04-10T00:23:16.609292Z","level":"warning","event":"The `airflow.decorators.dag` attribute is deprecated. Please use `'airflow.sdk.dag'`.","category":"DeprecatedImportWarning","filename":"/opt/airflow/dags/pipeline_etl.py","lineno":1,"logger":"py.warnings"}
{"timestamp":"2026-04-10T00:23:16.609468Z","level":"warning","event":"The `airflow.decorators.task` attribute is deprecated. Please use `'airflow.sdk.task'`.","category":"DeprecatedImportWarning","filename":"/opt/airflow/dags/pipeline_etl.py","lineno":1,"logger":"py.warnings"}
{"timestamp":"2026-04-10T00:23:47.205231Z","level":"info","event":"Filling up the DagBag from /opt/airflow/dags/pipeline_etl.py","logger":"airflow.models.dagbag.BundleDagBag","filename":"dagbag.py","lineno":593}
{"timestamp":"2026-04-10T00:23:47.262690Z","level":"warning","event":"The `airflow.decorators.dag` attribute is deprecated. Please use `'airflow.sdk.dag'`.","category":"DeprecatedImportWarning","filename":"/opt/airflow/dags/pipeline_etl.py","lineno":1,"logger":"py.warnings"}
{"timestamp":"2026-04-10T00:23:47.262895Z","level":"warning","event":"The `airflow.decorators.task` attribute is deprecated. Please use `'airflow.sdk.task'`.","category":"DeprecatedImportWarning","filename":"/opt/airflow/dags/pipeline_etl.py","lineno":1,"logger":"py.warnings"}
{"timestamp":"2026-04-10T00:24:19.491413Z","level":"info","event":"Filling up the DagBag from /opt/airflow/dags/pipeline_etl.py","logger":"airflow.models.dagbag.BundleDagBag","filename":"dagbag.py","lineno":593}
{"timestamp":"2026-04-10T00:24:19.568490Z","level":"warning","event":"The `airflow.decorators.dag` attribute is deprecated. Please use `'airflow.sdk.dag'`.","category":"DeprecatedImportWarning","filename":"/opt/airflow/dags/pipeline_etl.py","lineno":1,"logger":"py.warnings"}
{"timestamp":"2026-04-10T00:24:19.568692Z","level":"warning","event":"The `airflow.decorators.task` attribute is deprecated. Please use `'airflow.sdk.task'`.","category":"DeprecatedImportWarning","filename":"/opt/airflow/dags/pipeline_etl.py","lineno":1,"logger":"py.warnings"}
{"timestamp":"2026-04-10T00:24:39.455817Z","level":"info","event":"Filling up the DagBag from /opt/airflow/dags/pipeline_etl.py","logger":"airflow.models.dagbag.BundleDagBag","filename":"dagbag.py","lineno":593}
{"timestamp":"2026-04-10T00:24:40.042515Z","level":"warning","event":"The `airflow.decorators.dag` attribute is deprecated. Please use `'airflow.sdk.dag'`.","category":"DeprecatedImportWarning","filename":"/opt/airflow/dags/pipeline_etl.py","lineno":1,"logger":"py.warnings"}
{"timestamp":"2026-04-10T00:24:40.042794Z","level":"warning","event":"The `airflow.decorators.task` attribute is deprecated. Please use `'airflow.sdk.task'`.","category":"DeprecatedImportWarning","filename":"/opt/airflow/dags/pipeline_etl.py","lineno":1,"logger":"py.warnings"}
{"timestamp":"2026-04-10T00:25:23.768883Z","level":"info","event":"Filling up the DagBag from /opt/airflow/dags/pipeline_etl.py","logger":"airflow.models.dagbag.BundleDagBag","filename":"dagbag.py","lineno":593}
{"timestamp":"2026-04-10T00:25:24.240487Z","level":"warning","event":"The `airflow.decorators.dag` attribute is deprecated. Please use `'airflow.sdk.dag'`.","category":"DeprecatedImportWarning","filename":"/opt/airflow/dags/pipeline_etl.py","lineno":1,"logger":"py.warnings"}
{"timestamp":"2026-04-10T00:25:24.245034Z","level":"warning","event":"The `airflow.decorators.task` attribute is deprecated. Please use `'airflow.sdk.task'`.","category":"DeprecatedImportWarning","filename":"/opt/airflow/dags/pipeline_etl.py","lineno":1,"logger":"py.warnings"}
{"timestamp":"2026-04-10T00:25:54.660698Z","level":"info","event":"Filling up the DagBag from /opt/airflow/dags/pipeline_etl.py","logger":"airflow.models.dagbag.BundleDagBag","filename":"dagbag.py","lineno":593}
{"timestamp":"2026-04-10T00:25:54.712395Z","level":"warning","event":"The `airflow.decorators.dag` attribute is deprecated. Please use `'airflow.sdk.dag'`.","category":"DeprecatedImportWarning","filename":"/opt/airflow/dags/pipeline_etl.py","lineno":1,"logger":"py.warnings"}
{"timestamp":"2026-04-10T00:25:54.712568Z","level":"warning","event":"The `airflow.decorators.task` attribute is deprecated. Please use `'airflow.sdk.task'`.","category":"DeprecatedImportWarning","filename":"/opt/airflow/dags/pipeline_etl.py","lineno":1,"logger":"py.warnings"}
{"timestamp":"2026-04-10T00:26:26.015251Z","level":"info","event":"Filling up the DagBag from /opt/airflow/dags/pipeline_etl.py","logger":"airflow.models.dagbag.BundleDagBag","filename":"dagbag.py","lineno":593}
{"timestamp":"2026-04-10T00:26:26.075249Z","level":"warning","event":"The `airflow.decorators.dag` attribute is deprecated. Please use `'airflow.sdk.dag'`.","category":"DeprecatedImportWarning","filename":"/opt/airflow/dags/pipeline_etl.py","lineno":1,"logger":"py.warnings"}
{"timestamp":"2026-04-10T00:26:26.075431Z","level":"warning","event":"The `airflow.decorators.task` attribute is deprecated. Please use `'airflow.sdk.task'`.","category":"DeprecatedImportWarning","filename":"/opt/airflow/dags/pipeline_etl.py","lineno":1,"logger":"py.warnings"}
{"timestamp":"2026-04-10T00:26:56.413355Z","level":"info","event":"Filling up the DagBag from /opt/airflow/dags/pipeline_etl.py","logger":"airflow.models.dagbag.BundleDagBag","filename":"dagbag.py","lineno":593}
{"timestamp":"2026-04-10T00:26:56.510294Z","level":"warning","event":"The `airflow.decorators.dag` attribute is deprecated. Please use `'airflow.sdk.dag'`.","category":"DeprecatedImportWarning","filename":"/opt/airflow/dags/pipeline_etl.py","lineno":1,"logger":"py.warnings"}
{"timestamp":"2026-04-10T00:26:56.510531Z","level":"warning","event":"The `airflow.decorators.task` attribute is deprecated. Please use `'airflow.sdk.task'`.","category":"DeprecatedImportWarning","filename":"/opt/airflow/dags/pipeline_etl.py","lineno":1,"logger":"py.warnings"}
{"timestamp":"2026-04-10T00:27:42.305474Z","level":"info","event":"Filling up the DagBag from /opt/airflow/dags/pipeline_etl.py","logger":"airflow.models.dagbag.BundleDagBag","filename":"dagbag.py","lineno":593}
{"timestamp":"2026-04-10T00:27:42.474598Z","level":"warning","event":"The `airflow.decorators.dag` attribute is deprecated. Please use `'airflow.sdk.dag'`.","category":"DeprecatedImportWarning","filename":"/opt/airflow/dags/pipeline_etl.py","lineno":1,"logger":"py.warnings"}
{"timestamp":"2026-04-10T00:27:42.474770Z","level":"warning","event":"The `airflow.decorators.task` attribute is deprecated. Please use `'airflow.sdk.task'`.","category":"DeprecatedImportWarning","filename":"/opt/airflow/dags/pipeline_etl.py","lineno":1,"logger":"py.warnings"}
{"timestamp":"2026-04-10T00:41:00.105820Z","level":"info","event":"Filling up the DagBag from /opt/airflow/dags/pipeline_etl.py","logger":"airflow.models.dagbag.BundleDagBag","filename":"dagbag.py","lineno":593}
{"timestamp":"2026-04-10T00:41:01.088190Z","level":"warning","event":"The `airflow.decorators.dag` attribute is deprecated. Please use `'airflow.sdk.dag'`.","category":"DeprecatedImportWarning","filename":"/opt/airflow/dags/pipeline_etl.py","lineno":1,"logger":"py.warnings"}
{"timestamp":"2026-04-10T00:41:01.088454Z","level":"warning","event":"The `airflow.decorators.task` attribute is deprecated. Please use `'airflow.sdk.task'`.","category":"DeprecatedImportWarning","filename":"/opt/airflow/dags/pipeline_etl.py","lineno":1,"logger":"py.warnings"}
{"timestamp":"2026-04-10T00:41:01.153086Z","level":"warning","event":"Callback requested but no callback found","dag_id":"etl_spotify_grammys","task_id":"transform","run_id":"manual__2026-04-10T00:26:56.785958+00:00","ti_id":"019d74c8-e7e6-75b7-8972-56c5a369ff5e","logger":"task","filename":"processor.py","lineno":361}
{"timestamp":"2026-04-10T00:41:21.899185Z","level":"info","event":"Filling up the DagBag from /opt/airflow/dags/pipeline_etl.py","logger":"airflow.models.dagbag.BundleDagBag","filename":"dagbag.py","lineno":593}
{"timestamp":"2026-04-10T00:41:22.258884Z","level":"warning","event":"The `airflow.decorators.dag` attribute is deprecated. Please use `'airflow.sdk.dag'`.","category":"DeprecatedImportWarning","filename":"/opt/airflow/dags/pipeline_etl.py","lineno":1,"logger":"py.warnings"}
{"timestamp":"2026-04-10T00:41:22.259119Z","level":"warning","event":"The `airflow.decorators.task` attribute is deprecated. Please use `'airflow.sdk.task'`.","category":"DeprecatedImportWarning","filename":"/opt/airflow/dags/pipeline_etl.py","lineno":1,"logger":"py.warnings"}
{"timestamp":"2026-04-10T00:41:52.973407Z","level":"info","event":"Filling up the DagBag from /opt/airflow/dags/pipeline_etl.py","logger":"airflow.models.dagbag.BundleDagBag","filename":"dagbag.py","lineno":593}
{"timestamp":"2026-04-10T00:41:53.052633Z","level":"warning","event":"The `airflow.decorators.dag` attribute is deprecated. Please use `'airflow.sdk.dag'`.","category":"DeprecatedImportWarning","filename":"/opt/airflow/dags/pipeline_etl.py","lineno":1,"logger":"py.warnings"}
{"timestamp":"2026-04-10T00:41:53.052867Z","level":"warning","event":"The `airflow.decorators.task` attribute is deprecated. Please use `'airflow.sdk.task'`.","category":"DeprecatedImportWarning","filename":"/opt/airflow/dags/pipeline_etl.py","lineno":1,"logger":"py.warnings"}
{"timestamp":"2026-04-10T00:42:23.553753Z","level":"info","event":"Filling up the DagBag from /opt/airflow/dags/pipeline_etl.py","logger":"airflow.models.dagbag.BundleDagBag","filename":"dagbag.py","lineno":593}
{"timestamp":"2026-04-10T00:42:23.596752Z","level":"warning","event":"The `airflow.decorators.dag` attribute is deprecated. Please use `'airflow.sdk.dag'`.","category":"DeprecatedImportWarning","filename":"/opt/airflow/dags/pipeline_etl.py","lineno":1,"logger":"py.warnings"}
{"timestamp":"2026-04-10T00:42:23.596921Z","level":"warning","event":"The `airflow.decorators.task` attribute is deprecated. Please use `'airflow.sdk.task'`.","category":"DeprecatedImportWarning","filename":"/opt/airflow/dags/pipeline_etl.py","lineno":1,"logger":"py.warnings"}
{"timestamp":"2026-04-10T00:42:56.064562Z","level":"info","event":"Filling up the DagBag from /opt/airflow/dags/pipeline_etl.py","logger":"airflow.models.dagbag.BundleDagBag","filename":"dagbag.py","lineno":593}
{"timestamp":"2026-04-10T00:42:56.096441Z","level":"warning","event":"The `airflow.decorators.dag` attribute is deprecated. Please use `'airflow.sdk.dag'`.","category":"DeprecatedImportWarning","filename":"/opt/airflow/dags/pipeline_etl.py","lineno":1,"logger":"py.warnings"}
{"timestamp":"2026-04-10T00:42:56.096607Z","level":"warning","event":"The `airflow.decorators.task` attribute is deprecated. Please use `'airflow.sdk.task'`.","category":"DeprecatedImportWarning","filename":"/opt/airflow/dags/pipeline_etl.py","lineno":1,"logger":"py.warnings"}
{"timestamp":"2026-04-10T00:43:26.699440Z","level":"info","event":"Filling up the DagBag from /opt/airflow/dags/pipeline_etl.py","logger":"airflow.models.dagbag.BundleDagBag","filename":"dagbag.py","lineno":593}
{"timestamp":"2026-04-10T00:43:26.797568Z","level":"warning","event":"The `airflow.decorators.dag` attribute is deprecated. Please use `'airflow.sdk.dag'`.","category":"DeprecatedImportWarning","filename":"/opt/airflow/dags/pipeline_etl.py","lineno":1,"logger":"py.warnings"}
{"timestamp":"2026-04-10T00:43:26.797733Z","level":"warning","event":"The `airflow.decorators.task` attribute is deprecated. Please use `'airflow.sdk.task'`.","category":"DeprecatedImportWarning","filename":"/opt/airflow/dags/pipeline_etl.py","lineno":1,"logger":"py.warnings"}
