{"timestamp":"2026-04-09T22:07:23.329699Z","level":"info","event":"Filling up the DagBag from /opt/airflow/dags/pipeline_etl.py","logger":"airflow.models.dagbag.BundleDagBag","filename":"dagbag.py","lineno":593}
{"timestamp":"2026-04-09T22:07:23.386399Z","level":"warning","event":"The `airflow.decorators.dag` attribute is deprecated. Please use `'airflow.sdk.dag'`.","category":"DeprecatedImportWarning","filename":"/opt/airflow/dags/pipeline_etl.py","lineno":1,"logger":"py.warnings"}
{"timestamp":"2026-04-09T22:07:23.386590Z","level":"warning","event":"The `airflow.decorators.task` attribute is deprecated. Please use `'airflow.sdk.task'`.","category":"DeprecatedImportWarning","filename":"/opt/airflow/dags/pipeline_etl.py","lineno":1,"logger":"py.warnings"}
{"timestamp":"2026-04-09T22:08:12.771699Z","level":"info","event":"Filling up the DagBag from /opt/airflow/dags/pipeline_etl.py","logger":"airflow.models.dagbag.BundleDagBag","filename":"dagbag.py","lineno":593}
{"timestamp":"2026-04-09T22:08:13.761578Z","level":"warning","event":"The `airflow.decorators.dag` attribute is deprecated. Please use `'airflow.sdk.dag'`.","category":"DeprecatedImportWarning","filename":"/opt/airflow/dags/pipeline_etl.py","lineno":1,"logger":"py.warnings"}
{"timestamp":"2026-04-09T22:08:13.761871Z","level":"warning","event":"The `airflow.decorators.task` attribute is deprecated. Please use `'airflow.sdk.task'`.","category":"DeprecatedImportWarning","filename":"/opt/airflow/dags/pipeline_etl.py","lineno":1,"logger":"py.warnings"}
{"timestamp":"2026-04-09T22:08:46.152978Z","level":"info","event":"Filling up the DagBag from /opt/airflow/dags/pipeline_etl.py","logger":"airflow.models.dagbag.BundleDagBag","filename":"dagbag.py","lineno":593}
{"timestamp":"2026-04-09T22:08:46.201558Z","level":"warning","event":"The `airflow.decorators.dag` attribute is deprecated. Please use `'airflow.sdk.dag'`.","category":"DeprecatedImportWarning","filename":"/opt/airflow/dags/pipeline_etl.py","lineno":1,"logger":"py.warnings"}
{"timestamp":"2026-04-09T22:08:46.201778Z","level":"warning","event":"The `airflow.decorators.task` attribute is deprecated. Please use `'airflow.sdk.task'`.","category":"DeprecatedImportWarning","filename":"/opt/airflow/dags/pipeline_etl.py","lineno":1,"logger":"py.warnings"}
{"timestamp":"2026-04-09T22:09:16.917754Z","level":"info","event":"Filling up the DagBag from /opt/airflow/dags/pipeline_etl.py","logger":"airflow.models.dagbag.BundleDagBag","filename":"dagbag.py","lineno":593}
{"timestamp":"2026-04-09T22:09:17.231683Z","level":"warning","event":"The `airflow.decorators.dag` attribute is deprecated. Please use `'airflow.sdk.dag'`.","category":"DeprecatedImportWarning","filename":"/opt/airflow/dags/pipeline_etl.py","lineno":1,"logger":"py.warnings"}
{"timestamp":"2026-04-09T22:09:17.231927Z","level":"warning","event":"The `airflow.decorators.task` attribute is deprecated. Please use `'airflow.sdk.task'`.","category":"DeprecatedImportWarning","filename":"/opt/airflow/dags/pipeline_etl.py","lineno":1,"logger":"py.warnings"}
{"timestamp":"2026-04-09T22:09:48.471097Z","level":"info","event":"Filling up the DagBag from /opt/airflow/dags/pipeline_etl.py","logger":"airflow.models.dagbag.BundleDagBag","filename":"dagbag.py","lineno":593}
{"timestamp":"2026-04-09T22:09:48.555998Z","level":"warning","event":"The `airflow.decorators.dag` attribute is deprecated. Please use `'airflow.sdk.dag'`.","category":"DeprecatedImportWarning","filename":"/opt/airflow/dags/pipeline_etl.py","lineno":1,"logger":"py.warnings"}
{"timestamp":"2026-04-09T22:09:48.556372Z","level":"warning","event":"The `airflow.decorators.task` attribute is deprecated. Please use `'airflow.sdk.task'`.","category":"DeprecatedImportWarning","filename":"/opt/airflow/dags/pipeline_etl.py","lineno":1,"logger":"py.warnings"}
{"timestamp":"2026-04-09T22:10:19.850365Z","level":"info","event":"Filling up the DagBag from /opt/airflow/dags/pipeline_etl.py","logger":"airflow.models.dagbag.BundleDagBag","filename":"dagbag.py","lineno":593}
{"timestamp":"2026-04-09T22:10:20.366315Z","level":"warning","event":"The `airflow.decorators.dag` attribute is deprecated. Please use `'airflow.sdk.dag'`.","category":"DeprecatedImportWarning","filename":"/opt/airflow/dags/pipeline_etl.py","lineno":1,"logger":"py.warnings"}
{"timestamp":"2026-04-09T22:10:20.366446Z","level":"warning","event":"The `airflow.decorators.task` attribute is deprecated. Please use `'airflow.sdk.task'`.","category":"DeprecatedImportWarning","filename":"/opt/airflow/dags/pipeline_etl.py","lineno":1,"logger":"py.warnings"}
{"timestamp":"2026-04-09T22:10:51.468708Z","level":"info","event":"Filling up the DagBag from /opt/airflow/dags/pipeline_etl.py","logger":"airflow.models.dagbag.BundleDagBag","filename":"dagbag.py","lineno":593}
{"timestamp":"2026-04-09T22:10:51.512492Z","level":"warning","event":"The `airflow.decorators.dag` attribute is deprecated. Please use `'airflow.sdk.dag'`.","category":"DeprecatedImportWarning","filename":"/opt/airflow/dags/pipeline_etl.py","lineno":1,"logger":"py.warnings"}
{"timestamp":"2026-04-09T22:10:51.512724Z","level":"warning","event":"The `airflow.decorators.task` attribute is deprecated. Please use `'airflow.sdk.task'`.","category":"DeprecatedImportWarning","filename":"/opt/airflow/dags/pipeline_etl.py","lineno":1,"logger":"py.warnings"}
{"timestamp":"2026-04-09T22:11:22.468417Z","level":"info","event":"Filling up the DagBag from /opt/airflow/dags/pipeline_etl.py","logger":"airflow.models.dagbag.BundleDagBag","filename":"dagbag.py","lineno":593}
{"timestamp":"2026-04-09T22:11:22.540977Z","level":"warning","event":"The `airflow.decorators.dag` attribute is deprecated. Please use `'airflow.sdk.dag'`.","category":"DeprecatedImportWarning","filename":"/opt/airflow/dags/pipeline_etl.py","lineno":1,"logger":"py.warnings"}
{"timestamp":"2026-04-09T22:11:22.541182Z","level":"warning","event":"The `airflow.decorators.task` attribute is deprecated. Please use `'airflow.sdk.task'`.","category":"DeprecatedImportWarning","filename":"/opt/airflow/dags/pipeline_etl.py","lineno":1,"logger":"py.warnings"}
{"timestamp":"2026-04-09T22:11:52.889450Z","level":"info","event":"Filling up the DagBag from /opt/airflow/dags/pipeline_etl.py","logger":"airflow.models.dagbag.BundleDagBag","filename":"dagbag.py","lineno":593}
{"timestamp":"2026-04-09T22:11:52.957564Z","level":"warning","event":"The `airflow.decorators.dag` attribute is deprecated. Please use `'airflow.sdk.dag'`.","category":"DeprecatedImportWarning","filename":"/opt/airflow/dags/pipeline_etl.py","lineno":1,"logger":"py.warnings"}
{"timestamp":"2026-04-09T22:11:52.957797Z","level":"warning","event":"The `airflow.decorators.task` attribute is deprecated. Please use `'airflow.sdk.task'`.","category":"DeprecatedImportWarning","filename":"/opt/airflow/dags/pipeline_etl.py","lineno":1,"logger":"py.warnings"}
{"timestamp":"2026-04-09T22:12:23.557676Z","level":"info","event":"Filling up the DagBag from /opt/airflow/dags/pipeline_etl.py","logger":"airflow.models.dagbag.BundleDagBag","filename":"dagbag.py","lineno":593}
{"timestamp":"2026-04-09T22:12:23.614746Z","level":"warning","event":"The `airflow.decorators.dag` attribute is deprecated. Please use `'airflow.sdk.dag'`.","category":"DeprecatedImportWarning","filename":"/opt/airflow/dags/pipeline_etl.py","lineno":1,"logger":"py.warnings"}
{"timestamp":"2026-04-09T22:12:23.614963Z","level":"warning","event":"The `airflow.decorators.task` attribute is deprecated. Please use `'airflow.sdk.task'`.","category":"DeprecatedImportWarning","filename":"/opt/airflow/dags/pipeline_etl.py","lineno":1,"logger":"py.warnings"}
{"timestamp":"2026-04-09T22:12:54.477843Z","level":"info","event":"Filling up the DagBag from /opt/airflow/dags/pipeline_etl.py","logger":"airflow.models.dagbag.BundleDagBag","filename":"dagbag.py","lineno":593}
{"timestamp":"2026-04-09T22:12:54.514274Z","level":"warning","event":"The `airflow.decorators.dag` attribute is deprecated. Please use `'airflow.sdk.dag'`.","category":"DeprecatedImportWarning","filename":"/opt/airflow/dags/pipeline_etl.py","lineno":1,"logger":"py.warnings"}
{"timestamp":"2026-04-09T22:12:54.514540Z","level":"warning","event":"The `airflow.decorators.task` attribute is deprecated. Please use `'airflow.sdk.task'`.","category":"DeprecatedImportWarning","filename":"/opt/airflow/dags/pipeline_etl.py","lineno":1,"logger":"py.warnings"}
{"timestamp":"2026-04-09T22:13:25.080557Z","level":"info","event":"Filling up the DagBag from /opt/airflow/dags/pipeline_etl.py","logger":"airflow.models.dagbag.BundleDagBag","filename":"dagbag.py","lineno":593}
{"timestamp":"2026-04-09T22:13:25.114010Z","level":"warning","event":"The `airflow.decorators.dag` attribute is deprecated. Please use `'airflow.sdk.dag'`.","category":"DeprecatedImportWarning","filename":"/opt/airflow/dags/pipeline_etl.py","lineno":1,"logger":"py.warnings"}
{"timestamp":"2026-04-09T22:13:25.114309Z","level":"warning","event":"The `airflow.decorators.task` attribute is deprecated. Please use `'airflow.sdk.task'`.","category":"DeprecatedImportWarning","filename":"/opt/airflow/dags/pipeline_etl.py","lineno":1,"logger":"py.warnings"}
{"timestamp":"2026-04-09T22:13:56.008108Z","level":"info","event":"Filling up the DagBag from /opt/airflow/dags/pipeline_etl.py","logger":"airflow.models.dagbag.BundleDagBag","filename":"dagbag.py","lineno":593}
{"timestamp":"2026-04-09T22:13:56.056905Z","level":"warning","event":"The `airflow.decorators.dag` attribute is deprecated. Please use `'airflow.sdk.dag'`.","category":"DeprecatedImportWarning","filename":"/opt/airflow/dags/pipeline_etl.py","lineno":1,"logger":"py.warnings"}
{"timestamp":"2026-04-09T22:13:56.057523Z","level":"warning","event":"The `airflow.decorators.task` attribute is deprecated. Please use `'airflow.sdk.task'`.","category":"DeprecatedImportWarning","filename":"/opt/airflow/dags/pipeline_etl.py","lineno":1,"logger":"py.warnings"}
{"timestamp":"2026-04-09T22:14:26.673864Z","level":"info","event":"Filling up the DagBag from /opt/airflow/dags/pipeline_etl.py","logger":"airflow.models.dagbag.BundleDagBag","filename":"dagbag.py","lineno":593}
{"timestamp":"2026-04-09T22:14:26.702772Z","level":"warning","event":"The `airflow.decorators.dag` attribute is deprecated. Please use `'airflow.sdk.dag'`.","category":"DeprecatedImportWarning","filename":"/opt/airflow/dags/pipeline_etl.py","lineno":1,"logger":"py.warnings"}
{"timestamp":"2026-04-09T22:14:26.702956Z","level":"warning","event":"The `airflow.decorators.task` attribute is deprecated. Please use `'airflow.sdk.task'`.","category":"DeprecatedImportWarning","filename":"/opt/airflow/dags/pipeline_etl.py","lineno":1,"logger":"py.warnings"}
{"timestamp":"2026-04-09T22:14:57.187472Z","level":"info","event":"Filling up the DagBag from /opt/airflow/dags/pipeline_etl.py","logger":"airflow.models.dagbag.BundleDagBag","filename":"dagbag.py","lineno":593}
{"timestamp":"2026-04-09T22:14:57.218338Z","level":"warning","event":"The `airflow.decorators.dag` attribute is deprecated. Please use `'airflow.sdk.dag'`.","category":"DeprecatedImportWarning","filename":"/opt/airflow/dags/pipeline_etl.py","lineno":1,"logger":"py.warnings"}
{"timestamp":"2026-04-09T22:14:57.218627Z","level":"warning","event":"The `airflow.decorators.task` attribute is deprecated. Please use `'airflow.sdk.task'`.","category":"DeprecatedImportWarning","filename":"/opt/airflow/dags/pipeline_etl.py","lineno":1,"logger":"py.warnings"}
{"timestamp":"2026-04-09T22:15:27.395934Z","level":"info","event":"Filling up the DagBag from /opt/airflow/dags/pipeline_etl.py","logger":"airflow.models.dagbag.BundleDagBag","filename":"dagbag.py","lineno":593}
{"timestamp":"2026-04-09T22:15:27.454257Z","level":"warning","event":"The `airflow.decorators.dag` attribute is deprecated. Please use `'airflow.sdk.dag'`.","category":"DeprecatedImportWarning","filename":"/opt/airflow/dags/pipeline_etl.py","lineno":1,"logger":"py.warnings"}
{"timestamp":"2026-04-09T22:15:27.454455Z","level":"warning","event":"The `airflow.decorators.task` attribute is deprecated. Please use `'airflow.sdk.task'`.","category":"DeprecatedImportWarning","filename":"/opt/airflow/dags/pipeline_etl.py","lineno":1,"logger":"py.warnings"}
{"timestamp":"2026-04-09T22:15:57.819726Z","level":"info","event":"Filling up the DagBag from /opt/airflow/dags/pipeline_etl.py","logger":"airflow.models.dagbag.BundleDagBag","filename":"dagbag.py","lineno":593}
{"timestamp":"2026-04-09T22:15:57.850849Z","level":"warning","event":"The `airflow.decorators.dag` attribute is deprecated. Please use `'airflow.sdk.dag'`.","category":"DeprecatedImportWarning","filename":"/opt/airflow/dags/pipeline_etl.py","lineno":1,"logger":"py.warnings"}
{"timestamp":"2026-04-09T22:15:57.850986Z","level":"warning","event":"The `airflow.decorators.task` attribute is deprecated. Please use `'airflow.sdk.task'`.","category":"DeprecatedImportWarning","filename":"/opt/airflow/dags/pipeline_etl.py","lineno":1,"logger":"py.warnings"}
{"timestamp":"2026-04-09T22:16:28.030902Z","level":"info","event":"Filling up the DagBag from /opt/airflow/dags/pipeline_etl.py","logger":"airflow.models.dagbag.BundleDagBag","filename":"dagbag.py","lineno":593}
{"timestamp":"2026-04-09T22:16:28.067843Z","level":"warning","event":"The `airflow.decorators.dag` attribute is deprecated. Please use `'airflow.sdk.dag'`.","category":"DeprecatedImportWarning","filename":"/opt/airflow/dags/pipeline_etl.py","lineno":1,"logger":"py.warnings"}
{"timestamp":"2026-04-09T22:16:28.068104Z","level":"warning","event":"The `airflow.decorators.task` attribute is deprecated. Please use `'airflow.sdk.task'`.","category":"DeprecatedImportWarning","filename":"/opt/airflow/dags/pipeline_etl.py","lineno":1,"logger":"py.warnings"}
{"timestamp":"2026-04-09T22:16:58.821019Z","level":"info","event":"Filling up the DagBag from /opt/airflow/dags/pipeline_etl.py","logger":"airflow.models.dagbag.BundleDagBag","filename":"dagbag.py","lineno":593}
{"timestamp":"2026-04-09T22:16:58.850524Z","level":"warning","event":"The `airflow.decorators.dag` attribute is deprecated. Please use `'airflow.sdk.dag'`.","category":"DeprecatedImportWarning","filename":"/opt/airflow/dags/pipeline_etl.py","lineno":1,"logger":"py.warnings"}
{"timestamp":"2026-04-09T22:16:58.850752Z","level":"warning","event":"The `airflow.decorators.task` attribute is deprecated. Please use `'airflow.sdk.task'`.","category":"DeprecatedImportWarning","filename":"/opt/airflow/dags/pipeline_etl.py","lineno":1,"logger":"py.warnings"}
{"timestamp":"2026-04-09T22:17:29.041116Z","level":"info","event":"Filling up the DagBag from /opt/airflow/dags/pipeline_etl.py","logger":"airflow.models.dagbag.BundleDagBag","filename":"dagbag.py","lineno":593}
{"timestamp":"2026-04-09T22:17:29.074297Z","level":"warning","event":"The `airflow.decorators.dag` attribute is deprecated. Please use `'airflow.sdk.dag'`.","category":"DeprecatedImportWarning","filename":"/opt/airflow/dags/pipeline_etl.py","lineno":1,"logger":"py.warnings"}
{"timestamp":"2026-04-09T22:17:29.074498Z","level":"warning","event":"The `airflow.decorators.task` attribute is deprecated. Please use `'airflow.sdk.task'`.","category":"DeprecatedImportWarning","filename":"/opt/airflow/dags/pipeline_etl.py","lineno":1,"logger":"py.warnings"}
{"timestamp":"2026-04-09T22:17:59.393151Z","level":"info","event":"Filling up the DagBag from /opt/airflow/dags/pipeline_etl.py","logger":"airflow.models.dagbag.BundleDagBag","filename":"dagbag.py","lineno":593}
{"timestamp":"2026-04-09T22:17:59.435425Z","level":"warning","event":"The `airflow.decorators.dag` attribute is deprecated. Please use `'airflow.sdk.dag'`.","category":"DeprecatedImportWarning","filename":"/opt/airflow/dags/pipeline_etl.py","lineno":1,"logger":"py.warnings"}
{"timestamp":"2026-04-09T22:17:59.435782Z","level":"warning","event":"The `airflow.decorators.task` attribute is deprecated. Please use `'airflow.sdk.task'`.","category":"DeprecatedImportWarning","filename":"/opt/airflow/dags/pipeline_etl.py","lineno":1,"logger":"py.warnings"}
{"timestamp":"2026-04-09T22:18:29.646100Z","level":"info","event":"Filling up the DagBag from /opt/airflow/dags/pipeline_etl.py","logger":"airflow.models.dagbag.BundleDagBag","filename":"dagbag.py","lineno":593}
{"timestamp":"2026-04-09T22:18:29.688863Z","level":"warning","event":"The `airflow.decorators.dag` attribute is deprecated. Please use `'airflow.sdk.dag'`.","category":"DeprecatedImportWarning","filename":"/opt/airflow/dags/pipeline_etl.py","lineno":1,"logger":"py.warnings"}
{"timestamp":"2026-04-09T22:18:29.689138Z","level":"warning","event":"The `airflow.decorators.task` attribute is deprecated. Please use `'airflow.sdk.task'`.","category":"DeprecatedImportWarning","filename":"/opt/airflow/dags/pipeline_etl.py","lineno":1,"logger":"py.warnings"}
{"timestamp":"2026-04-09T22:19:01.085096Z","level":"info","event":"Filling up the DagBag from /opt/airflow/dags/pipeline_etl.py","logger":"airflow.models.dagbag.BundleDagBag","filename":"dagbag.py","lineno":593}
{"timestamp":"2026-04-09T22:19:01.292776Z","level":"warning","event":"The `airflow.decorators.dag` attribute is deprecated. Please use `'airflow.sdk.dag'`.","category":"DeprecatedImportWarning","filename":"/opt/airflow/dags/pipeline_etl.py","lineno":1,"logger":"py.warnings"}
{"timestamp":"2026-04-09T22:19:01.293051Z","level":"warning","event":"The `airflow.decorators.task` attribute is deprecated. Please use `'airflow.sdk.task'`.","category":"DeprecatedImportWarning","filename":"/opt/airflow/dags/pipeline_etl.py","lineno":1,"logger":"py.warnings"}
{"timestamp":"2026-04-09T22:19:31.593948Z","level":"info","event":"Filling up the DagBag from /opt/airflow/dags/pipeline_etl.py","logger":"airflow.models.dagbag.BundleDagBag","filename":"dagbag.py","lineno":593}
{"timestamp":"2026-04-09T22:19:31.631120Z","level":"warning","event":"The `airflow.decorators.dag` attribute is deprecated. Please use `'airflow.sdk.dag'`.","category":"DeprecatedImportWarning","filename":"/opt/airflow/dags/pipeline_etl.py","lineno":1,"logger":"py.warnings"}
{"timestamp":"2026-04-09T22:19:31.631318Z","level":"warning","event":"The `airflow.decorators.task` attribute is deprecated. Please use `'airflow.sdk.task'`.","category":"DeprecatedImportWarning","filename":"/opt/airflow/dags/pipeline_etl.py","lineno":1,"logger":"py.warnings"}
{"timestamp":"2026-04-09T22:20:02.004623Z","level":"info","event":"Filling up the DagBag from /opt/airflow/dags/pipeline_etl.py","logger":"airflow.models.dagbag.BundleDagBag","filename":"dagbag.py","lineno":593}
{"timestamp":"2026-04-09T22:20:02.057199Z","level":"warning","event":"The `airflow.decorators.dag` attribute is deprecated. Please use `'airflow.sdk.dag'`.","category":"DeprecatedImportWarning","filename":"/opt/airflow/dags/pipeline_etl.py","lineno":1,"logger":"py.warnings"}
{"timestamp":"2026-04-09T22:20:02.057411Z","level":"warning","event":"The `airflow.decorators.task` attribute is deprecated. Please use `'airflow.sdk.task'`.","category":"DeprecatedImportWarning","filename":"/opt/airflow/dags/pipeline_etl.py","lineno":1,"logger":"py.warnings"}
{"timestamp":"2026-04-09T22:20:32.564143Z","level":"info","event":"Filling up the DagBag from /opt/airflow/dags/pipeline_etl.py","logger":"airflow.models.dagbag.BundleDagBag","filename":"dagbag.py","lineno":593}
{"timestamp":"2026-04-09T22:20:32.663258Z","level":"warning","event":"The `airflow.decorators.dag` attribute is deprecated. Please use `'airflow.sdk.dag'`.","category":"DeprecatedImportWarning","filename":"/opt/airflow/dags/pipeline_etl.py","lineno":1,"logger":"py.warnings"}
{"timestamp":"2026-04-09T22:20:32.663529Z","level":"warning","event":"The `airflow.decorators.task` attribute is deprecated. Please use `'airflow.sdk.task'`.","category":"DeprecatedImportWarning","filename":"/opt/airflow/dags/pipeline_etl.py","lineno":1,"logger":"py.warnings"}
{"timestamp":"2026-04-09T22:21:03.846447Z","level":"info","event":"Filling up the DagBag from /opt/airflow/dags/pipeline_etl.py","logger":"airflow.models.dagbag.BundleDagBag","filename":"dagbag.py","lineno":593}
{"timestamp":"2026-04-09T22:21:04.129544Z","level":"warning","event":"The `airflow.decorators.dag` attribute is deprecated. Please use `'airflow.sdk.dag'`.","category":"DeprecatedImportWarning","filename":"/opt/airflow/dags/pipeline_etl.py","lineno":1,"logger":"py.warnings"}
{"timestamp":"2026-04-09T22:21:04.129755Z","level":"warning","event":"The `airflow.decorators.task` attribute is deprecated. Please use `'airflow.sdk.task'`.","category":"DeprecatedImportWarning","filename":"/opt/airflow/dags/pipeline_etl.py","lineno":1,"logger":"py.warnings"}
{"timestamp":"2026-04-09T22:21:35.262616Z","level":"info","event":"Filling up the DagBag from /opt/airflow/dags/pipeline_etl.py","logger":"airflow.models.dagbag.BundleDagBag","filename":"dagbag.py","lineno":593}
{"timestamp":"2026-04-09T22:21:35.300587Z","level":"warning","event":"The `airflow.decorators.dag` attribute is deprecated. Please use `'airflow.sdk.dag'`.","category":"DeprecatedImportWarning","filename":"/opt/airflow/dags/pipeline_etl.py","lineno":1,"logger":"py.warnings"}
{"timestamp":"2026-04-09T22:21:35.300788Z","level":"warning","event":"The `airflow.decorators.task` attribute is deprecated. Please use `'airflow.sdk.task'`.","category":"DeprecatedImportWarning","filename":"/opt/airflow/dags/pipeline_etl.py","lineno":1,"logger":"py.warnings"}
{"timestamp":"2026-04-09T22:22:05.470942Z","level":"info","event":"Filling up the DagBag from /opt/airflow/dags/pipeline_etl.py","logger":"airflow.models.dagbag.BundleDagBag","filename":"dagbag.py","lineno":593}
{"timestamp":"2026-04-09T22:22:05.547997Z","level":"warning","event":"The `airflow.decorators.dag` attribute is deprecated. Please use `'airflow.sdk.dag'`.","category":"DeprecatedImportWarning","filename":"/opt/airflow/dags/pipeline_etl.py","lineno":1,"logger":"py.warnings"}
{"timestamp":"2026-04-09T22:22:05.548276Z","level":"warning","event":"The `airflow.decorators.task` attribute is deprecated. Please use `'airflow.sdk.task'`.","category":"DeprecatedImportWarning","filename":"/opt/airflow/dags/pipeline_etl.py","lineno":1,"logger":"py.warnings"}
{"timestamp":"2026-04-09T22:22:36.550485Z","level":"info","event":"Filling up the DagBag from /opt/airflow/dags/pipeline_etl.py","logger":"airflow.models.dagbag.BundleDagBag","filename":"dagbag.py","lineno":593}
{"timestamp":"2026-04-09T22:22:36.619844Z","level":"warning","event":"The `airflow.decorators.dag` attribute is deprecated. Please use `'airflow.sdk.dag'`.","category":"DeprecatedImportWarning","filename":"/opt/airflow/dags/pipeline_etl.py","lineno":1,"logger":"py.warnings"}
{"timestamp":"2026-04-09T22:22:36.620058Z","level":"warning","event":"The `airflow.decorators.task` attribute is deprecated. Please use `'airflow.sdk.task'`.","category":"DeprecatedImportWarning","filename":"/opt/airflow/dags/pipeline_etl.py","lineno":1,"logger":"py.warnings"}
{"timestamp":"2026-04-09T22:23:08.855581Z","level":"info","event":"Filling up the DagBag from /opt/airflow/dags/pipeline_etl.py","logger":"airflow.models.dagbag.BundleDagBag","filename":"dagbag.py","lineno":593}
{"timestamp":"2026-04-09T22:23:08.907546Z","level":"warning","event":"The `airflow.decorators.dag` attribute is deprecated. Please use `'airflow.sdk.dag'`.","category":"DeprecatedImportWarning","filename":"/opt/airflow/dags/pipeline_etl.py","lineno":1,"logger":"py.warnings"}
{"timestamp":"2026-04-09T22:23:08.907786Z","level":"warning","event":"The `airflow.decorators.task` attribute is deprecated. Please use `'airflow.sdk.task'`.","category":"DeprecatedImportWarning","filename":"/opt/airflow/dags/pipeline_etl.py","lineno":1,"logger":"py.warnings"}
{"timestamp":"2026-04-09T22:23:39.235609Z","level":"info","event":"Filling up the DagBag from /opt/airflow/dags/pipeline_etl.py","logger":"airflow.models.dagbag.BundleDagBag","filename":"dagbag.py","lineno":593}
{"timestamp":"2026-04-09T22:23:39.300454Z","level":"warning","event":"The `airflow.decorators.dag` attribute is deprecated. Please use `'airflow.sdk.dag'`.","category":"DeprecatedImportWarning","filename":"/opt/airflow/dags/pipeline_etl.py","lineno":1,"logger":"py.warnings"}
{"timestamp":"2026-04-09T22:23:39.300612Z","level":"warning","event":"The `airflow.decorators.task` attribute is deprecated. Please use `'airflow.sdk.task'`.","category":"DeprecatedImportWarning","filename":"/opt/airflow/dags/pipeline_etl.py","lineno":1,"logger":"py.warnings"}
{"timestamp":"2026-04-09T22:24:18.891406Z","level":"info","event":"Filling up the DagBag from /opt/airflow/dags/pipeline_etl.py","logger":"airflow.models.dagbag.BundleDagBag","filename":"dagbag.py","lineno":593}
{"timestamp":"2026-04-09T22:24:18.976882Z","level":"warning","event":"The `airflow.decorators.dag` attribute is deprecated. Please use `'airflow.sdk.dag'`.","category":"DeprecatedImportWarning","filename":"/opt/airflow/dags/pipeline_etl.py","lineno":1,"logger":"py.warnings"}
{"timestamp":"2026-04-09T22:24:18.977118Z","level":"warning","event":"The `airflow.decorators.task` attribute is deprecated. Please use `'airflow.sdk.task'`.","category":"DeprecatedImportWarning","filename":"/opt/airflow/dags/pipeline_etl.py","lineno":1,"logger":"py.warnings"}
{"timestamp":"2026-04-09T22:24:49.683872Z","level":"info","event":"Filling up the DagBag from /opt/airflow/dags/pipeline_etl.py","logger":"airflow.models.dagbag.BundleDagBag","filename":"dagbag.py","lineno":593}
{"timestamp":"2026-04-09T22:24:49.789726Z","level":"warning","event":"The `airflow.decorators.dag` attribute is deprecated. Please use `'airflow.sdk.dag'`.","category":"DeprecatedImportWarning","filename":"/opt/airflow/dags/pipeline_etl.py","lineno":1,"logger":"py.warnings"}
{"timestamp":"2026-04-09T22:24:49.789979Z","level":"warning","event":"The `airflow.decorators.task` attribute is deprecated. Please use `'airflow.sdk.task'`.","category":"DeprecatedImportWarning","filename":"/opt/airflow/dags/pipeline_etl.py","lineno":1,"logger":"py.warnings"}
{"timestamp":"2026-04-09T22:25:20.114409Z","level":"info","event":"Filling up the DagBag from /opt/airflow/dags/pipeline_etl.py","logger":"airflow.models.dagbag.BundleDagBag","filename":"dagbag.py","lineno":593}
{"timestamp":"2026-04-09T22:25:20.152743Z","level":"warning","event":"The `airflow.decorators.dag` attribute is deprecated. Please use `'airflow.sdk.dag'`.","category":"DeprecatedImportWarning","filename":"/opt/airflow/dags/pipeline_etl.py","lineno":1,"logger":"py.warnings"}
{"timestamp":"2026-04-09T22:25:20.152939Z","level":"warning","event":"The `airflow.decorators.task` attribute is deprecated. Please use `'airflow.sdk.task'`.","category":"DeprecatedImportWarning","filename":"/opt/airflow/dags/pipeline_etl.py","lineno":1,"logger":"py.warnings"}
{"timestamp":"2026-04-09T22:25:50.385968Z","level":"info","event":"Filling up the DagBag from /opt/airflow/dags/pipeline_etl.py","logger":"airflow.models.dagbag.BundleDagBag","filename":"dagbag.py","lineno":593}
{"timestamp":"2026-04-09T22:25:50.415888Z","level":"warning","event":"The `airflow.decorators.dag` attribute is deprecated. Please use `'airflow.sdk.dag'`.","category":"DeprecatedImportWarning","filename":"/opt/airflow/dags/pipeline_etl.py","lineno":1,"logger":"py.warnings"}
{"timestamp":"2026-04-09T22:25:50.416054Z","level":"warning","event":"The `airflow.decorators.task` attribute is deprecated. Please use `'airflow.sdk.task'`.","category":"DeprecatedImportWarning","filename":"/opt/airflow/dags/pipeline_etl.py","lineno":1,"logger":"py.warnings"}
{"timestamp":"2026-04-09T22:26:20.535023Z","level":"info","event":"Filling up the DagBag from /opt/airflow/dags/pipeline_etl.py","logger":"airflow.models.dagbag.BundleDagBag","filename":"dagbag.py","lineno":593}
{"timestamp":"2026-04-09T22:26:20.567736Z","level":"warning","event":"The `airflow.decorators.dag` attribute is deprecated. Please use `'airflow.sdk.dag'`.","category":"DeprecatedImportWarning","filename":"/opt/airflow/dags/pipeline_etl.py","lineno":1,"logger":"py.warnings"}
{"timestamp":"2026-04-09T22:26:20.567993Z","level":"warning","event":"The `airflow.decorators.task` attribute is deprecated. Please use `'airflow.sdk.task'`.","category":"DeprecatedImportWarning","filename":"/opt/airflow/dags/pipeline_etl.py","lineno":1,"logger":"py.warnings"}
{"timestamp":"2026-04-09T22:26:51.079755Z","level":"info","event":"Filling up the DagBag from /opt/airflow/dags/pipeline_etl.py","logger":"airflow.models.dagbag.BundleDagBag","filename":"dagbag.py","lineno":593}
{"timestamp":"2026-04-09T22:26:51.172781Z","level":"warning","event":"The `airflow.decorators.dag` attribute is deprecated. Please use `'airflow.sdk.dag'`.","category":"DeprecatedImportWarning","filename":"/opt/airflow/dags/pipeline_etl.py","lineno":1,"logger":"py.warnings"}
{"timestamp":"2026-04-09T22:26:51.173152Z","level":"warning","event":"The `airflow.decorators.task` attribute is deprecated. Please use `'airflow.sdk.task'`.","category":"DeprecatedImportWarning","filename":"/opt/airflow/dags/pipeline_etl.py","lineno":1,"logger":"py.warnings"}
{"timestamp":"2026-04-09T22:27:22.115485Z","level":"info","event":"Filling up the DagBag from /opt/airflow/dags/pipeline_etl.py","logger":"airflow.models.dagbag.BundleDagBag","filename":"dagbag.py","lineno":593}
{"timestamp":"2026-04-09T22:27:22.429289Z","level":"warning","event":"The `airflow.decorators.dag` attribute is deprecated. Please use `'airflow.sdk.dag'`.","category":"DeprecatedImportWarning","filename":"/opt/airflow/dags/pipeline_etl.py","lineno":1,"logger":"py.warnings"}
{"timestamp":"2026-04-09T22:27:22.429580Z","level":"warning","event":"The `airflow.decorators.task` attribute is deprecated. Please use `'airflow.sdk.task'`.","category":"DeprecatedImportWarning","filename":"/opt/airflow/dags/pipeline_etl.py","lineno":1,"logger":"py.warnings"}
{"timestamp":"2026-04-09T22:27:53.800428Z","level":"info","event":"Filling up the DagBag from /opt/airflow/dags/pipeline_etl.py","logger":"airflow.models.dagbag.BundleDagBag","filename":"dagbag.py","lineno":593}
{"timestamp":"2026-04-09T22:27:57.273715Z","level":"warning","event":"The `airflow.decorators.dag` attribute is deprecated. Please use `'airflow.sdk.dag'`.","category":"DeprecatedImportWarning","filename":"/opt/airflow/dags/pipeline_etl.py","lineno":1,"logger":"py.warnings"}
{"timestamp":"2026-04-09T22:27:57.373926Z","level":"warning","event":"The `airflow.decorators.task` attribute is deprecated. Please use `'airflow.sdk.task'`.","category":"DeprecatedImportWarning","filename":"/opt/airflow/dags/pipeline_etl.py","lineno":1,"logger":"py.warnings"}
{"timestamp":"2026-04-09T22:42:27.451330Z","level":"info","event":"Filling up the DagBag from /opt/airflow/dags/pipeline_etl.py","logger":"airflow.models.dagbag.BundleDagBag","filename":"dagbag.py","lineno":593}
{"timestamp":"2026-04-09T22:42:27.808385Z","level":"warning","event":"The `airflow.decorators.dag` attribute is deprecated. Please use `'airflow.sdk.dag'`.","category":"DeprecatedImportWarning","filename":"/opt/airflow/dags/pipeline_etl.py","lineno":1,"logger":"py.warnings"}
{"timestamp":"2026-04-09T22:42:27.842993Z","level":"warning","event":"The `airflow.decorators.task` attribute is deprecated. Please use `'airflow.sdk.task'`.","category":"DeprecatedImportWarning","filename":"/opt/airflow/dags/pipeline_etl.py","lineno":1,"logger":"py.warnings"}
{"timestamp":"2026-04-09T22:42:27.921043Z","level":"warning","event":"Callback requested but no callback found","dag_id":"etl_spotify_grammys","task_id":"extract_spotify","run_id":"manual__2026-04-09T22:27:09.481335+00:00","ti_id":"019d745b-3d12-7b04-b1f4-99842d266d23","logger":"task","filename":"processor.py","lineno":361}
{"timestamp":"2026-04-09T22:42:35.650816Z","level":"info","event":"Filling up the DagBag from /opt/airflow/dags/pipeline_etl.py","logger":"airflow.models.dagbag.BundleDagBag","filename":"dagbag.py","lineno":593}
{"timestamp":"2026-04-09T22:42:35.711888Z","level":"warning","event":"The `airflow.decorators.dag` attribute is deprecated. Please use `'airflow.sdk.dag'`.","category":"DeprecatedImportWarning","filename":"/opt/airflow/dags/pipeline_etl.py","lineno":1,"logger":"py.warnings"}
{"timestamp":"2026-04-09T22:42:35.712127Z","level":"warning","event":"The `airflow.decorators.task` attribute is deprecated. Please use `'airflow.sdk.task'`.","category":"DeprecatedImportWarning","filename":"/opt/airflow/dags/pipeline_etl.py","lineno":1,"logger":"py.warnings"}
{"timestamp":"2026-04-09T22:43:06.623013Z","level":"info","event":"Filling up the DagBag from /opt/airflow/dags/pipeline_etl.py","logger":"airflow.models.dagbag.BundleDagBag","filename":"dagbag.py","lineno":593}
{"timestamp":"2026-04-09T22:43:06.684546Z","level":"warning","event":"The `airflow.decorators.dag` attribute is deprecated. Please use `'airflow.sdk.dag'`.","category":"DeprecatedImportWarning","filename":"/opt/airflow/dags/pipeline_etl.py","lineno":1,"logger":"py.warnings"}
{"timestamp":"2026-04-09T22:43:06.684728Z","level":"warning","event":"The `airflow.decorators.task` attribute is deprecated. Please use `'airflow.sdk.task'`.","category":"DeprecatedImportWarning","filename":"/opt/airflow/dags/pipeline_etl.py","lineno":1,"logger":"py.warnings"}
{"timestamp":"2026-04-09T22:43:53.145735Z","level":"info","event":"Filling up the DagBag from /opt/airflow/dags/pipeline_etl.py","logger":"airflow.models.dagbag.BundleDagBag","filename":"dagbag.py","lineno":593}
{"timestamp":"2026-04-09T22:43:53.292403Z","level":"warning","event":"The `airflow.decorators.dag` attribute is deprecated. Please use `'airflow.sdk.dag'`.","category":"DeprecatedImportWarning","filename":"/opt/airflow/dags/pipeline_etl.py","lineno":1,"logger":"py.warnings"}
{"timestamp":"2026-04-09T22:43:53.292623Z","level":"warning","event":"The `airflow.decorators.task` attribute is deprecated. Please use `'airflow.sdk.task'`.","category":"DeprecatedImportWarning","filename":"/opt/airflow/dags/pipeline_etl.py","lineno":1,"logger":"py.warnings"}
{"timestamp":"2026-04-09T22:45:09.346090Z","level":"info","event":"Filling up the DagBag from /opt/airflow/dags/pipeline_etl.py","logger":"airflow.models.dagbag.BundleDagBag","filename":"dagbag.py","lineno":593}
{"timestamp":"2026-04-09T22:45:09.695679Z","level":"warning","event":"The `airflow.decorators.dag` attribute is deprecated. Please use `'airflow.sdk.dag'`.","category":"DeprecatedImportWarning","filename":"/opt/airflow/dags/pipeline_etl.py","lineno":1,"logger":"py.warnings"}
{"timestamp":"2026-04-09T22:45:09.696701Z","level":"warning","event":"The `airflow.decorators.task` attribute is deprecated. Please use `'airflow.sdk.task'`.","category":"DeprecatedImportWarning","filename":"/opt/airflow/dags/pipeline_etl.py","lineno":1,"logger":"py.warnings"}
{"timestamp":"2026-04-09T22:45:55.740596Z","level":"info","event":"Filling up the DagBag from /opt/airflow/dags/pipeline_etl.py","logger":"airflow.models.dagbag.BundleDagBag","filename":"dagbag.py","lineno":593}
{"timestamp":"2026-04-09T22:45:55.924607Z","level":"warning","event":"The `airflow.decorators.dag` attribute is deprecated. Please use `'airflow.sdk.dag'`.","category":"DeprecatedImportWarning","filename":"/opt/airflow/dags/pipeline_etl.py","lineno":1,"logger":"py.warnings"}
{"timestamp":"2026-04-09T22:45:55.924880Z","level":"warning","event":"The `airflow.decorators.task` attribute is deprecated. Please use `'airflow.sdk.task'`.","category":"DeprecatedImportWarning","filename":"/opt/airflow/dags/pipeline_etl.py","lineno":1,"logger":"py.warnings"}
{"timestamp":"2026-04-09T22:46:26.127076Z","level":"info","event":"Filling up the DagBag from /opt/airflow/dags/pipeline_etl.py","logger":"airflow.models.dagbag.BundleDagBag","filename":"dagbag.py","lineno":593}
{"timestamp":"2026-04-09T22:46:26.194102Z","level":"warning","event":"The `airflow.decorators.dag` attribute is deprecated. Please use `'airflow.sdk.dag'`.","category":"DeprecatedImportWarning","filename":"/opt/airflow/dags/pipeline_etl.py","lineno":1,"logger":"py.warnings"}
{"timestamp":"2026-04-09T22:46:26.194263Z","level":"warning","event":"The `airflow.decorators.task` attribute is deprecated. Please use `'airflow.sdk.task'`.","category":"DeprecatedImportWarning","filename":"/opt/airflow/dags/pipeline_etl.py","lineno":1,"logger":"py.warnings"}
{"timestamp":"2026-04-09T22:46:57.603482Z","level":"info","event":"Filling up the DagBag from /opt/airflow/dags/pipeline_etl.py","logger":"airflow.models.dagbag.BundleDagBag","filename":"dagbag.py","lineno":593}
{"timestamp":"2026-04-09T22:46:58.081852Z","level":"warning","event":"The `airflow.decorators.dag` attribute is deprecated. Please use `'airflow.sdk.dag'`.","category":"DeprecatedImportWarning","filename":"/opt/airflow/dags/pipeline_etl.py","lineno":1,"logger":"py.warnings"}
{"timestamp":"2026-04-09T22:46:58.082119Z","level":"warning","event":"The `airflow.decorators.task` attribute is deprecated. Please use `'airflow.sdk.task'`.","category":"DeprecatedImportWarning","filename":"/opt/airflow/dags/pipeline_etl.py","lineno":1,"logger":"py.warnings"}
{"timestamp":"2026-04-09T22:47:29.100215Z","level":"info","event":"Filling up the DagBag from /opt/airflow/dags/pipeline_etl.py","logger":"airflow.models.dagbag.BundleDagBag","filename":"dagbag.py","lineno":593}
{"timestamp":"2026-04-09T22:47:29.598485Z","level":"warning","event":"The `airflow.decorators.dag` attribute is deprecated. Please use `'airflow.sdk.dag'`.","category":"DeprecatedImportWarning","filename":"/opt/airflow/dags/pipeline_etl.py","lineno":1,"logger":"py.warnings"}
{"timestamp":"2026-04-09T22:47:29.598786Z","level":"warning","event":"The `airflow.decorators.task` attribute is deprecated. Please use `'airflow.sdk.task'`.","category":"DeprecatedImportWarning","filename":"/opt/airflow/dags/pipeline_etl.py","lineno":1,"logger":"py.warnings"}
{"timestamp":"2026-04-09T22:48:00.407940Z","level":"info","event":"Filling up the DagBag from /opt/airflow/dags/pipeline_etl.py","logger":"airflow.models.dagbag.BundleDagBag","filename":"dagbag.py","lineno":593}
{"timestamp":"2026-04-09T22:48:00.703231Z","level":"warning","event":"The `airflow.decorators.dag` attribute is deprecated. Please use `'airflow.sdk.dag'`.","category":"DeprecatedImportWarning","filename":"/opt/airflow/dags/pipeline_etl.py","lineno":1,"logger":"py.warnings"}
{"timestamp":"2026-04-09T22:48:00.703428Z","level":"warning","event":"The `airflow.decorators.task` attribute is deprecated. Please use `'airflow.sdk.task'`.","category":"DeprecatedImportWarning","filename":"/opt/airflow/dags/pipeline_etl.py","lineno":1,"logger":"py.warnings"}
{"timestamp":"2026-04-09T22:48:31.203868Z","level":"info","event":"Filling up the DagBag from /opt/airflow/dags/pipeline_etl.py","logger":"airflow.models.dagbag.BundleDagBag","filename":"dagbag.py","lineno":593}
{"timestamp":"2026-04-09T22:48:31.242089Z","level":"warning","event":"The `airflow.decorators.dag` attribute is deprecated. Please use `'airflow.sdk.dag'`.","category":"DeprecatedImportWarning","filename":"/opt/airflow/dags/pipeline_etl.py","lineno":1,"logger":"py.warnings"}
{"timestamp":"2026-04-09T22:48:31.242337Z","level":"warning","event":"The `airflow.decorators.task` attribute is deprecated. Please use `'airflow.sdk.task'`.","category":"DeprecatedImportWarning","filename":"/opt/airflow/dags/pipeline_etl.py","lineno":1,"logger":"py.warnings"}
{"timestamp":"2026-04-09T22:49:01.875672Z","level":"info","event":"Filling up the DagBag from /opt/airflow/dags/pipeline_etl.py","logger":"airflow.models.dagbag.BundleDagBag","filename":"dagbag.py","lineno":593}
{"timestamp":"2026-04-09T22:49:01.946107Z","level":"warning","event":"The `airflow.decorators.dag` attribute is deprecated. Please use `'airflow.sdk.dag'`.","category":"DeprecatedImportWarning","filename":"/opt/airflow/dags/pipeline_etl.py","lineno":1,"logger":"py.warnings"}
{"timestamp":"2026-04-09T22:49:01.946354Z","level":"warning","event":"The `airflow.decorators.task` attribute is deprecated. Please use `'airflow.sdk.task'`.","category":"DeprecatedImportWarning","filename":"/opt/airflow/dags/pipeline_etl.py","lineno":1,"logger":"py.warnings"}
{"timestamp":"2026-04-09T22:53:40.114956Z","level":"info","event":"Filling up the DagBag from /opt/airflow/dags/pipeline_etl.py","logger":"airflow.models.dagbag.BundleDagBag","filename":"dagbag.py","lineno":593}
{"timestamp":"2026-04-09T22:53:41.413883Z","level":"warning","event":"The `airflow.decorators.dag` attribute is deprecated. Please use `'airflow.sdk.dag'`.","category":"DeprecatedImportWarning","filename":"/opt/airflow/dags/pipeline_etl.py","lineno":1,"logger":"py.warnings"}
{"timestamp":"2026-04-09T22:53:41.414157Z","level":"warning","event":"The `airflow.decorators.task` attribute is deprecated. Please use `'airflow.sdk.task'`.","category":"DeprecatedImportWarning","filename":"/opt/airflow/dags/pipeline_etl.py","lineno":1,"logger":"py.warnings"}
{"timestamp":"2026-04-09T22:54:12.230562Z","level":"info","event":"Filling up the DagBag from /opt/airflow/dags/pipeline_etl.py","logger":"airflow.models.dagbag.BundleDagBag","filename":"dagbag.py","lineno":593}
{"timestamp":"2026-04-09T22:54:12.550149Z","level":"warning","event":"The `airflow.decorators.dag` attribute is deprecated. Please use `'airflow.sdk.dag'`.","category":"DeprecatedImportWarning","filename":"/opt/airflow/dags/pipeline_etl.py","lineno":1,"logger":"py.warnings"}
{"timestamp":"2026-04-09T22:54:12.550624Z","level":"warning","event":"The `airflow.decorators.task` attribute is deprecated. Please use `'airflow.sdk.task'`.","category":"DeprecatedImportWarning","filename":"/opt/airflow/dags/pipeline_etl.py","lineno":1,"logger":"py.warnings"}
{"timestamp":"2026-04-09T22:55:08.515592Z","level":"info","event":"Filling up the DagBag from /opt/airflow/dags/pipeline_etl.py","logger":"airflow.models.dagbag.BundleDagBag","filename":"dagbag.py","lineno":593}
{"timestamp":"2026-04-09T22:55:08.579675Z","level":"warning","event":"The `airflow.decorators.dag` attribute is deprecated. Please use `'airflow.sdk.dag'`.","category":"DeprecatedImportWarning","filename":"/opt/airflow/dags/pipeline_etl.py","lineno":1,"logger":"py.warnings"}
{"timestamp":"2026-04-09T22:55:08.579918Z","level":"warning","event":"The `airflow.decorators.task` attribute is deprecated. Please use `'airflow.sdk.task'`.","category":"DeprecatedImportWarning","filename":"/opt/airflow/dags/pipeline_etl.py","lineno":1,"logger":"py.warnings"}
{"timestamp":"2026-04-09T22:55:54.490021Z","level":"info","event":"Filling up the DagBag from /opt/airflow/dags/pipeline_etl.py","logger":"airflow.models.dagbag.BundleDagBag","filename":"dagbag.py","lineno":593}
{"timestamp":"2026-04-09T22:55:54.629338Z","level":"warning","event":"The `airflow.decorators.dag` attribute is deprecated. Please use `'airflow.sdk.dag'`.","category":"DeprecatedImportWarning","filename":"/opt/airflow/dags/pipeline_etl.py","lineno":1,"logger":"py.warnings"}
{"timestamp":"2026-04-09T22:55:54.629614Z","level":"warning","event":"The `airflow.decorators.task` attribute is deprecated. Please use `'airflow.sdk.task'`.","category":"DeprecatedImportWarning","filename":"/opt/airflow/dags/pipeline_etl.py","lineno":1,"logger":"py.warnings"}
{"timestamp":"2026-04-09T23:07:46.298920Z","level":"info","event":"Filling up the DagBag from /opt/airflow/dags/pipeline_etl.py","logger":"airflow.models.dagbag.BundleDagBag","filename":"dagbag.py","lineno":593}
{"timestamp":"2026-04-09T23:07:48.096775Z","level":"warning","event":"The `airflow.decorators.dag` attribute is deprecated. Please use `'airflow.sdk.dag'`.","category":"DeprecatedImportWarning","filename":"/opt/airflow/dags/pipeline_etl.py","lineno":1,"logger":"py.warnings"}
{"timestamp":"2026-04-09T23:07:48.097059Z","level":"warning","event":"The `airflow.decorators.task` attribute is deprecated. Please use `'airflow.sdk.task'`.","category":"DeprecatedImportWarning","filename":"/opt/airflow/dags/pipeline_etl.py","lineno":1,"logger":"py.warnings"}
{"timestamp":"2026-04-09T23:08:39.314264Z","level":"info","event":"Filling up the DagBag from /opt/airflow/dags/pipeline_etl.py","logger":"airflow.models.dagbag.BundleDagBag","filename":"dagbag.py","lineno":593}
{"timestamp":"2026-04-09T23:08:39.461864Z","level":"warning","event":"The `airflow.decorators.dag` attribute is deprecated. Please use `'airflow.sdk.dag'`.","category":"DeprecatedImportWarning","filename":"/opt/airflow/dags/pipeline_etl.py","lineno":1,"logger":"py.warnings"}
{"timestamp":"2026-04-09T23:08:39.462106Z","level":"warning","event":"The `airflow.decorators.task` attribute is deprecated. Please use `'airflow.sdk.task'`.","category":"DeprecatedImportWarning","filename":"/opt/airflow/dags/pipeline_etl.py","lineno":1,"logger":"py.warnings"}
{"timestamp":"2026-04-09T23:09:12.863834Z","level":"info","event":"Filling up the DagBag from /opt/airflow/dags/pipeline_etl.py","logger":"airflow.models.dagbag.BundleDagBag","filename":"dagbag.py","lineno":593}
{"timestamp":"2026-04-09T23:09:12.897139Z","level":"warning","event":"The `airflow.decorators.dag` attribute is deprecated. Please use `'airflow.sdk.dag'`.","category":"DeprecatedImportWarning","filename":"/opt/airflow/dags/pipeline_etl.py","lineno":1,"logger":"py.warnings"}
{"timestamp":"2026-04-09T23:09:12.897273Z","level":"warning","event":"The `airflow.decorators.task` attribute is deprecated. Please use `'airflow.sdk.task'`.","category":"DeprecatedImportWarning","filename":"/opt/airflow/dags/pipeline_etl.py","lineno":1,"logger":"py.warnings"}
{"timestamp":"2026-04-09T23:09:43.112880Z","level":"info","event":"Filling up the DagBag from /opt/airflow/dags/pipeline_etl.py","logger":"airflow.models.dagbag.BundleDagBag","filename":"dagbag.py","lineno":593}
{"timestamp":"2026-04-09T23:09:43.143179Z","level":"warning","event":"The `airflow.decorators.dag` attribute is deprecated. Please use `'airflow.sdk.dag'`.","category":"DeprecatedImportWarning","filename":"/opt/airflow/dags/pipeline_etl.py","lineno":1,"logger":"py.warnings"}
{"timestamp":"2026-04-09T23:09:43.143312Z","level":"warning","event":"The `airflow.decorators.task` attribute is deprecated. Please use `'airflow.sdk.task'`.","category":"DeprecatedImportWarning","filename":"/opt/airflow/dags/pipeline_etl.py","lineno":1,"logger":"py.warnings"}
{"timestamp":"2026-04-09T23:10:14.017487Z","level":"info","event":"Filling up the DagBag from /opt/airflow/dags/pipeline_etl.py","logger":"airflow.models.dagbag.BundleDagBag","filename":"dagbag.py","lineno":593}
{"timestamp":"2026-04-09T23:10:14.269026Z","level":"warning","event":"The `airflow.decorators.dag` attribute is deprecated. Please use `'airflow.sdk.dag'`.","category":"DeprecatedImportWarning","filename":"/opt/airflow/dags/pipeline_etl.py","lineno":1,"logger":"py.warnings"}
{"timestamp":"2026-04-09T23:10:14.269286Z","level":"warning","event":"The `airflow.decorators.task` attribute is deprecated. Please use `'airflow.sdk.task'`.","category":"DeprecatedImportWarning","filename":"/opt/airflow/dags/pipeline_etl.py","lineno":1,"logger":"py.warnings"}
{"timestamp":"2026-04-09T23:18:12.604772Z","level":"info","event":"Filling up the DagBag from /opt/airflow/dags/pipeline_etl.py","logger":"airflow.models.dagbag.BundleDagBag","filename":"dagbag.py","lineno":593}
{"timestamp":"2026-04-09T23:18:13.540424Z","level":"warning","event":"The `airflow.decorators.dag` attribute is deprecated. Please use `'airflow.sdk.dag'`.","category":"DeprecatedImportWarning","filename":"/opt/airflow/dags/pipeline_etl.py","lineno":1,"logger":"py.warnings"}
{"timestamp":"2026-04-09T23:18:13.541661Z","level":"warning","event":"The `airflow.decorators.task` attribute is deprecated. Please use `'airflow.sdk.task'`.","category":"DeprecatedImportWarning","filename":"/opt/airflow/dags/pipeline_etl.py","lineno":1,"logger":"py.warnings"}
{"timestamp":"2026-04-09T23:18:13.578416Z","level":"warning","event":"Callback requested but no callback found","dag_id":"etl_spotify_grammys","task_id":"extract_spotify","run_id":"manual__2026-04-09T23:08:07.198822+00:00","ti_id":"019d7480-bf12-7d97-a129-517ab46b9b03","logger":"task","filename":"processor.py","lineno":361}
{"timestamp":"2026-04-09T23:18:13.579107Z","level":"warning","event":"Callback requested but no callback found","dag_id":"etl_spotify_grammys","task_id":"clean_grammys","run_id":"manual__2026-04-09T23:08:07.198822+00:00","ti_id":"019d7480-bf15-703b-8ed3-2372130bf7ba","logger":"task","filename":"processor.py","lineno":361}
{"timestamp":"2026-04-09T23:18:52.571026Z","level":"info","event":"Filling up the DagBag from /opt/airflow/dags/pipeline_etl.py","logger":"airflow.models.dagbag.BundleDagBag","filename":"dagbag.py","lineno":593}
{"timestamp":"2026-04-09T23:18:52.629444Z","level":"warning","event":"The `airflow.decorators.dag` attribute is deprecated. Please use `'airflow.sdk.dag'`.","category":"DeprecatedImportWarning","filename":"/opt/airflow/dags/pipeline_etl.py","lineno":1,"logger":"py.warnings"}
{"timestamp":"2026-04-09T23:18:52.629655Z","level":"warning","event":"The `airflow.decorators.task` attribute is deprecated. Please use `'airflow.sdk.task'`.","category":"DeprecatedImportWarning","filename":"/opt/airflow/dags/pipeline_etl.py","lineno":1,"logger":"py.warnings"}
{"timestamp":"2026-04-09T23:20:45.136197Z","level":"info","event":"Filling up the DagBag from /opt/airflow/dags/pipeline_etl.py","logger":"airflow.models.dagbag.BundleDagBag","filename":"dagbag.py","lineno":593}
{"timestamp":"2026-04-09T23:20:45.238978Z","level":"warning","event":"The `airflow.decorators.dag` attribute is deprecated. Please use `'airflow.sdk.dag'`.","category":"DeprecatedImportWarning","filename":"/opt/airflow/dags/pipeline_etl.py","lineno":1,"logger":"py.warnings"}
{"timestamp":"2026-04-09T23:20:45.239222Z","level":"warning","event":"The `airflow.decorators.task` attribute is deprecated. Please use `'airflow.sdk.task'`.","category":"DeprecatedImportWarning","filename":"/opt/airflow/dags/pipeline_etl.py","lineno":1,"logger":"py.warnings"}
{"timestamp":"2026-04-09T23:21:15.763873Z","level":"info","event":"Filling up the DagBag from /opt/airflow/dags/pipeline_etl.py","logger":"airflow.models.dagbag.BundleDagBag","filename":"dagbag.py","lineno":593}
{"timestamp":"2026-04-09T23:21:16.078628Z","level":"warning","event":"The `airflow.decorators.dag` attribute is deprecated. Please use `'airflow.sdk.dag'`.","category":"DeprecatedImportWarning","filename":"/opt/airflow/dags/pipeline_etl.py","lineno":1,"logger":"py.warnings"}
{"timestamp":"2026-04-09T23:21:16.078813Z","level":"warning","event":"The `airflow.decorators.task` attribute is deprecated. Please use `'airflow.sdk.task'`.","category":"DeprecatedImportWarning","filename":"/opt/airflow/dags/pipeline_etl.py","lineno":1,"logger":"py.warnings"}
{"timestamp":"2026-04-09T23:21:47.066239Z","level":"info","event":"Filling up the DagBag from /opt/airflow/dags/pipeline_etl.py","logger":"airflow.models.dagbag.BundleDagBag","filename":"dagbag.py","lineno":593}
{"timestamp":"2026-04-09T23:21:47.114865Z","level":"warning","event":"The `airflow.decorators.dag` attribute is deprecated. Please use `'airflow.sdk.dag'`.","category":"DeprecatedImportWarning","filename":"/opt/airflow/dags/pipeline_etl.py","lineno":1,"logger":"py.warnings"}
{"timestamp":"2026-04-09T23:21:47.115109Z","level":"warning","event":"The `airflow.decorators.task` attribute is deprecated. Please use `'airflow.sdk.task'`.","category":"DeprecatedImportWarning","filename":"/opt/airflow/dags/pipeline_etl.py","lineno":1,"logger":"py.warnings"}
{"timestamp":"2026-04-09T23:22:17.428881Z","level":"info","event":"Filling up the DagBag from /opt/airflow/dags/pipeline_etl.py","logger":"airflow.models.dagbag.BundleDagBag","filename":"dagbag.py","lineno":593}
{"timestamp":"2026-04-09T23:22:17.463706Z","level":"warning","event":"The `airflow.decorators.dag` attribute is deprecated. Please use `'airflow.sdk.dag'`.","category":"DeprecatedImportWarning","filename":"/opt/airflow/dags/pipeline_etl.py","lineno":1,"logger":"py.warnings"}
{"timestamp":"2026-04-09T23:22:17.463922Z","level":"warning","event":"The `airflow.decorators.task` attribute is deprecated. Please use `'airflow.sdk.task'`.","category":"DeprecatedImportWarning","filename":"/opt/airflow/dags/pipeline_etl.py","lineno":1,"logger":"py.warnings"}
{"timestamp":"2026-04-09T23:22:55.712021Z","level":"info","event":"Filling up the DagBag from /opt/airflow/dags/pipeline_etl.py","logger":"airflow.models.dagbag.BundleDagBag","filename":"dagbag.py","lineno":593}
{"timestamp":"2026-04-09T23:22:55.749459Z","level":"warning","event":"The `airflow.decorators.dag` attribute is deprecated. Please use `'airflow.sdk.dag'`.","category":"DeprecatedImportWarning","filename":"/opt/airflow/dags/pipeline_etl.py","lineno":1,"logger":"py.warnings"}
{"timestamp":"2026-04-09T23:22:55.749767Z","level":"warning","event":"The `airflow.decorators.task` attribute is deprecated. Please use `'airflow.sdk.task'`.","category":"DeprecatedImportWarning","filename":"/opt/airflow/dags/pipeline_etl.py","lineno":1,"logger":"py.warnings"}
{"timestamp":"2026-04-09T23:23:26.449349Z","level":"info","event":"Filling up the DagBag from /opt/airflow/dags/pipeline_etl.py","logger":"airflow.models.dagbag.BundleDagBag","filename":"dagbag.py","lineno":593}
{"timestamp":"2026-04-09T23:23:28.129719Z","level":"warning","event":"The `airflow.decorators.dag` attribute is deprecated. Please use `'airflow.sdk.dag'`.","category":"DeprecatedImportWarning","filename":"/opt/airflow/dags/pipeline_etl.py","lineno":1,"logger":"py.warnings"}
{"timestamp":"2026-04-09T23:23:28.130128Z","level":"warning","event":"The `airflow.decorators.task` attribute is deprecated. Please use `'airflow.sdk.task'`.","category":"DeprecatedImportWarning","filename":"/opt/airflow/dags/pipeline_etl.py","lineno":1,"logger":"py.warnings"}
{"timestamp":"2026-04-09T23:23:58.478379Z","level":"info","event":"Filling up the DagBag from /opt/airflow/dags/pipeline_etl.py","logger":"airflow.models.dagbag.BundleDagBag","filename":"dagbag.py","lineno":593}
{"timestamp":"2026-04-09T23:23:58.547001Z","level":"warning","event":"The `airflow.decorators.dag` attribute is deprecated. Please use `'airflow.sdk.dag'`.","category":"DeprecatedImportWarning","filename":"/opt/airflow/dags/pipeline_etl.py","lineno":1,"logger":"py.warnings"}
{"timestamp":"2026-04-09T23:23:58.547263Z","level":"warning","event":"The `airflow.decorators.task` attribute is deprecated. Please use `'airflow.sdk.task'`.","category":"DeprecatedImportWarning","filename":"/opt/airflow/dags/pipeline_etl.py","lineno":1,"logger":"py.warnings"}
{"timestamp":"2026-04-09T23:24:29.450838Z","level":"info","event":"Filling up the DagBag from /opt/airflow/dags/pipeline_etl.py","logger":"airflow.models.dagbag.BundleDagBag","filename":"dagbag.py","lineno":593}
{"timestamp":"2026-04-09T23:24:29.506245Z","level":"warning","event":"The `airflow.decorators.dag` attribute is deprecated. Please use `'airflow.sdk.dag'`.","category":"DeprecatedImportWarning","filename":"/opt/airflow/dags/pipeline_etl.py","lineno":1,"logger":"py.warnings"}
{"timestamp":"2026-04-09T23:24:29.506998Z","level":"warning","event":"The `airflow.decorators.task` attribute is deprecated. Please use `'airflow.sdk.task'`.","category":"DeprecatedImportWarning","filename":"/opt/airflow/dags/pipeline_etl.py","lineno":1,"logger":"py.warnings"}
{"timestamp":"2026-04-09T23:24:41.752484Z","level":"info","event":"Filling up the DagBag from /opt/airflow/dags/pipeline_etl.py","logger":"airflow.models.dagbag.BundleDagBag","filename":"dagbag.py","lineno":593}
{"timestamp":"2026-04-09T23:24:42.298886Z","level":"warning","event":"The `airflow.decorators.dag` attribute is deprecated. Please use `'airflow.sdk.dag'`.","category":"DeprecatedImportWarning","filename":"/opt/airflow/dags/pipeline_etl.py","lineno":1,"logger":"py.warnings"}
{"timestamp":"2026-04-09T23:24:42.299111Z","level":"warning","event":"The `airflow.decorators.task` attribute is deprecated. Please use `'airflow.sdk.task'`.","category":"DeprecatedImportWarning","filename":"/opt/airflow/dags/pipeline_etl.py","lineno":1,"logger":"py.warnings"}
{"timestamp":"2026-04-09T23:24:44.336630Z","level":"info","event":"Filling up the DagBag from /opt/airflow/dags/pipeline_etl.py","logger":"airflow.models.dagbag.BundleDagBag","filename":"dagbag.py","lineno":593}
{"timestamp":"2026-04-09T23:24:45.631425Z","level":"warning","event":"The `airflow.decorators.dag` attribute is deprecated. Please use `'airflow.sdk.dag'`.","category":"DeprecatedImportWarning","filename":"/opt/airflow/dags/pipeline_etl.py","lineno":1,"logger":"py.warnings"}
{"timestamp":"2026-04-09T23:24:45.631648Z","level":"warning","event":"The `airflow.decorators.task` attribute is deprecated. Please use `'airflow.sdk.task'`.","category":"DeprecatedImportWarning","filename":"/opt/airflow/dags/pipeline_etl.py","lineno":1,"logger":"py.warnings"}
{"timestamp":"2026-04-09T23:24:50.599733Z","level":"info","event":"Filling up the DagBag from /opt/airflow/dags/pipeline_etl.py","logger":"airflow.models.dagbag.BundleDagBag","filename":"dagbag.py","lineno":593}
{"timestamp":"2026-04-09T23:24:50.653328Z","level":"warning","event":"The `airflow.decorators.dag` attribute is deprecated. Please use `'airflow.sdk.dag'`.","category":"DeprecatedImportWarning","filename":"/opt/airflow/dags/pipeline_etl.py","lineno":1,"logger":"py.warnings"}
{"timestamp":"2026-04-09T23:24:50.653492Z","level":"warning","event":"The `airflow.decorators.task` attribute is deprecated. Please use `'airflow.sdk.task'`.","category":"DeprecatedImportWarning","filename":"/opt/airflow/dags/pipeline_etl.py","lineno":1,"logger":"py.warnings"}
{"timestamp":"2026-04-09T23:25:21.502625Z","level":"info","event":"Filling up the DagBag from /opt/airflow/dags/pipeline_etl.py","logger":"airflow.models.dagbag.BundleDagBag","filename":"dagbag.py","lineno":593}
{"timestamp":"2026-04-09T23:25:21.559004Z","level":"warning","event":"The `airflow.decorators.dag` attribute is deprecated. Please use `'airflow.sdk.dag'`.","category":"DeprecatedImportWarning","filename":"/opt/airflow/dags/pipeline_etl.py","lineno":1,"logger":"py.warnings"}
{"timestamp":"2026-04-09T23:25:21.559228Z","level":"warning","event":"The `airflow.decorators.task` attribute is deprecated. Please use `'airflow.sdk.task'`.","category":"DeprecatedImportWarning","filename":"/opt/airflow/dags/pipeline_etl.py","lineno":1,"logger":"py.warnings"}
{"timestamp":"2026-04-09T23:25:53.742123Z","level":"info","event":"Filling up the DagBag from /opt/airflow/dags/pipeline_etl.py","logger":"airflow.models.dagbag.BundleDagBag","filename":"dagbag.py","lineno":593}
{"timestamp":"2026-04-09T23:25:53.782230Z","level":"warning","event":"The `airflow.decorators.dag` attribute is deprecated. Please use `'airflow.sdk.dag'`.","category":"DeprecatedImportWarning","filename":"/opt/airflow/dags/pipeline_etl.py","lineno":1,"logger":"py.warnings"}
{"timestamp":"2026-04-09T23:25:53.782414Z","level":"warning","event":"The `airflow.decorators.task` attribute is deprecated. Please use `'airflow.sdk.task'`.","category":"DeprecatedImportWarning","filename":"/opt/airflow/dags/pipeline_etl.py","lineno":1,"logger":"py.warnings"}
{"timestamp":"2026-04-09T23:26:24.913721Z","level":"info","event":"Filling up the DagBag from /opt/airflow/dags/pipeline_etl.py","logger":"airflow.models.dagbag.BundleDagBag","filename":"dagbag.py","lineno":593}
{"timestamp":"2026-04-09T23:26:25.567539Z","level":"warning","event":"The `airflow.decorators.dag` attribute is deprecated. Please use `'airflow.sdk.dag'`.","category":"DeprecatedImportWarning","filename":"/opt/airflow/dags/pipeline_etl.py","lineno":1,"logger":"py.warnings"}
{"timestamp":"2026-04-09T23:26:25.567773Z","level":"warning","event":"The `airflow.decorators.task` attribute is deprecated. Please use `'airflow.sdk.task'`.","category":"DeprecatedImportWarning","filename":"/opt/airflow/dags/pipeline_etl.py","lineno":1,"logger":"py.warnings"}
{"timestamp":"2026-04-09T23:26:35.017977Z","level":"info","event":"Filling up the DagBag from /opt/airflow/dags/pipeline_etl.py","logger":"airflow.models.dagbag.BundleDagBag","filename":"dagbag.py","lineno":593}
{"timestamp":"2026-04-09T23:26:35.104765Z","level":"warning","event":"The `airflow.decorators.dag` attribute is deprecated. Please use `'airflow.sdk.dag'`.","category":"DeprecatedImportWarning","filename":"/opt/airflow/dags/pipeline_etl.py","lineno":1,"logger":"py.warnings"}
{"timestamp":"2026-04-09T23:26:35.104941Z","level":"warning","event":"The `airflow.decorators.task` attribute is deprecated. Please use `'airflow.sdk.task'`.","category":"DeprecatedImportWarning","filename":"/opt/airflow/dags/pipeline_etl.py","lineno":1,"logger":"py.warnings"}
{"timestamp":"2026-04-09T23:26:54.419062Z","level":"info","event":"Filling up the DagBag from /opt/airflow/dags/pipeline_etl.py","logger":"airflow.models.dagbag.BundleDagBag","filename":"dagbag.py","lineno":593}
{"timestamp":"2026-04-09T23:26:54.743433Z","level":"warning","event":"The `airflow.decorators.dag` attribute is deprecated. Please use `'airflow.sdk.dag'`.","category":"DeprecatedImportWarning","filename":"/opt/airflow/dags/pipeline_etl.py","lineno":1,"logger":"py.warnings"}
{"timestamp":"2026-04-09T23:26:54.743797Z","level":"warning","event":"The `airflow.decorators.task` attribute is deprecated. Please use `'airflow.sdk.task'`.","category":"DeprecatedImportWarning","filename":"/opt/airflow/dags/pipeline_etl.py","lineno":1,"logger":"py.warnings"}
{"timestamp":"2026-04-09T23:27:03.405881Z","level":"info","event":"Filling up the DagBag from /opt/airflow/dags/pipeline_etl.py","logger":"airflow.models.dagbag.BundleDagBag","filename":"dagbag.py","lineno":593}
{"timestamp":"2026-04-09T23:27:03.736953Z","level":"warning","event":"The `airflow.decorators.dag` attribute is deprecated. Please use `'airflow.sdk.dag'`.","category":"DeprecatedImportWarning","filename":"/opt/airflow/dags/pipeline_etl.py","lineno":1,"logger":"py.warnings"}
{"timestamp":"2026-04-09T23:27:03.737164Z","level":"warning","event":"The `airflow.decorators.task` attribute is deprecated. Please use `'airflow.sdk.task'`.","category":"DeprecatedImportWarning","filename":"/opt/airflow/dags/pipeline_etl.py","lineno":1,"logger":"py.warnings"}
{"timestamp":"2026-04-09T23:27:10.977390Z","level":"info","event":"Filling up the DagBag from /opt/airflow/dags/pipeline_etl.py","logger":"airflow.models.dagbag.BundleDagBag","filename":"dagbag.py","lineno":593}
{"timestamp":"2026-04-09T23:27:11.164167Z","level":"warning","event":"The `airflow.decorators.dag` attribute is deprecated. Please use `'airflow.sdk.dag'`.","category":"DeprecatedImportWarning","filename":"/opt/airflow/dags/pipeline_etl.py","lineno":1,"logger":"py.warnings"}
{"timestamp":"2026-04-09T23:27:11.164407Z","level":"warning","event":"The `airflow.decorators.task` attribute is deprecated. Please use `'airflow.sdk.task'`.","category":"DeprecatedImportWarning","filename":"/opt/airflow/dags/pipeline_etl.py","lineno":1,"logger":"py.warnings"}
{"timestamp":"2026-04-09T23:27:17.138338Z","level":"info","event":"Filling up the DagBag from /opt/airflow/dags/pipeline_etl.py","logger":"airflow.models.dagbag.BundleDagBag","filename":"dagbag.py","lineno":593}
{"timestamp":"2026-04-09T23:27:17.238161Z","level":"warning","event":"The `airflow.decorators.dag` attribute is deprecated. Please use `'airflow.sdk.dag'`.","category":"DeprecatedImportWarning","filename":"/opt/airflow/dags/pipeline_etl.py","lineno":1,"logger":"py.warnings"}
{"timestamp":"2026-04-09T23:27:17.238399Z","level":"warning","event":"The `airflow.decorators.task` attribute is deprecated. Please use `'airflow.sdk.task'`.","category":"DeprecatedImportWarning","filename":"/opt/airflow/dags/pipeline_etl.py","lineno":1,"logger":"py.warnings"}
{"timestamp":"2026-04-09T23:27:50.683807Z","level":"info","event":"Filling up the DagBag from /opt/airflow/dags/pipeline_etl.py","logger":"airflow.models.dagbag.BundleDagBag","filename":"dagbag.py","lineno":593}
{"timestamp":"2026-04-09T23:27:50.865240Z","level":"warning","event":"The `airflow.decorators.dag` attribute is deprecated. Please use `'airflow.sdk.dag'`.","category":"DeprecatedImportWarning","filename":"/opt/airflow/dags/pipeline_etl.py","lineno":1,"logger":"py.warnings"}
{"timestamp":"2026-04-09T23:27:50.894987Z","level":"warning","event":"The `airflow.decorators.task` attribute is deprecated. Please use `'airflow.sdk.task'`.","category":"DeprecatedImportWarning","filename":"/opt/airflow/dags/pipeline_etl.py","lineno":1,"logger":"py.warnings"}
{"timestamp":"2026-04-09T23:28:22.434739Z","level":"info","event":"Filling up the DagBag from /opt/airflow/dags/pipeline_etl.py","logger":"airflow.models.dagbag.BundleDagBag","filename":"dagbag.py","lineno":593}
{"timestamp":"2026-04-09T23:28:22.463113Z","level":"warning","event":"The `airflow.decorators.dag` attribute is deprecated. Please use `'airflow.sdk.dag'`.","category":"DeprecatedImportWarning","filename":"/opt/airflow/dags/pipeline_etl.py","lineno":1,"logger":"py.warnings"}
{"timestamp":"2026-04-09T23:28:22.463281Z","level":"warning","event":"The `airflow.decorators.task` attribute is deprecated. Please use `'airflow.sdk.task'`.","category":"DeprecatedImportWarning","filename":"/opt/airflow/dags/pipeline_etl.py","lineno":1,"logger":"py.warnings"}
{"timestamp":"2026-04-09T23:28:54.200824Z","level":"info","event":"Filling up the DagBag from /opt/airflow/dags/pipeline_etl.py","logger":"airflow.models.dagbag.BundleDagBag","filename":"dagbag.py","lineno":593}
{"timestamp":"2026-04-09T23:28:54.284858Z","level":"warning","event":"The `airflow.decorators.dag` attribute is deprecated. Please use `'airflow.sdk.dag'`.","category":"DeprecatedImportWarning","filename":"/opt/airflow/dags/pipeline_etl.py","lineno":1,"logger":"py.warnings"}
{"timestamp":"2026-04-09T23:28:54.284990Z","level":"warning","event":"The `airflow.decorators.task` attribute is deprecated. Please use `'airflow.sdk.task'`.","category":"DeprecatedImportWarning","filename":"/opt/airflow/dags/pipeline_etl.py","lineno":1,"logger":"py.warnings"}
{"timestamp":"2026-04-09T23:29:11.237883Z","level":"info","event":"Filling up the DagBag from /opt/airflow/dags/pipeline_etl.py","logger":"airflow.models.dagbag.BundleDagBag","filename":"dagbag.py","lineno":593}
{"timestamp":"2026-04-09T23:29:11.639960Z","level":"warning","event":"The `airflow.decorators.dag` attribute is deprecated. Please use `'airflow.sdk.dag'`.","category":"DeprecatedImportWarning","filename":"/opt/airflow/dags/pipeline_etl.py","lineno":1,"logger":"py.warnings"}
{"timestamp":"2026-04-09T23:29:11.640221Z","level":"warning","event":"The `airflow.decorators.task` attribute is deprecated. Please use `'airflow.sdk.task'`.","category":"DeprecatedImportWarning","filename":"/opt/airflow/dags/pipeline_etl.py","lineno":1,"logger":"py.warnings"}
{"timestamp":"2026-04-09T23:29:42.426819Z","level":"info","event":"Filling up the DagBag from /opt/airflow/dags/pipeline_etl.py","logger":"airflow.models.dagbag.BundleDagBag","filename":"dagbag.py","lineno":593}
{"timestamp":"2026-04-09T23:29:42.459658Z","level":"warning","event":"The `airflow.decorators.dag` attribute is deprecated. Please use `'airflow.sdk.dag'`.","category":"DeprecatedImportWarning","filename":"/opt/airflow/dags/pipeline_etl.py","lineno":1,"logger":"py.warnings"}
{"timestamp":"2026-04-09T23:29:42.459965Z","level":"warning","event":"The `airflow.decorators.task` attribute is deprecated. Please use `'airflow.sdk.task'`.","category":"DeprecatedImportWarning","filename":"/opt/airflow/dags/pipeline_etl.py","lineno":1,"logger":"py.warnings"}
{"timestamp":"2026-04-09T23:30:12.653325Z","level":"info","event":"Filling up the DagBag from /opt/airflow/dags/pipeline_etl.py","logger":"airflow.models.dagbag.BundleDagBag","filename":"dagbag.py","lineno":593}
{"timestamp":"2026-04-09T23:30:12.686253Z","level":"warning","event":"The `airflow.decorators.dag` attribute is deprecated. Please use `'airflow.sdk.dag'`.","category":"DeprecatedImportWarning","filename":"/opt/airflow/dags/pipeline_etl.py","lineno":1,"logger":"py.warnings"}
{"timestamp":"2026-04-09T23:30:12.686549Z","level":"warning","event":"The `airflow.decorators.task` attribute is deprecated. Please use `'airflow.sdk.task'`.","category":"DeprecatedImportWarning","filename":"/opt/airflow/dags/pipeline_etl.py","lineno":1,"logger":"py.warnings"}
{"timestamp":"2026-04-09T23:30:43.038698Z","level":"info","event":"Filling up the DagBag from /opt/airflow/dags/pipeline_etl.py","logger":"airflow.models.dagbag.BundleDagBag","filename":"dagbag.py","lineno":593}
{"timestamp":"2026-04-09T23:30:43.068601Z","level":"warning","event":"The `airflow.decorators.dag` attribute is deprecated. Please use `'airflow.sdk.dag'`.","category":"DeprecatedImportWarning","filename":"/opt/airflow/dags/pipeline_etl.py","lineno":1,"logger":"py.warnings"}
{"timestamp":"2026-04-09T23:30:43.068812Z","level":"warning","event":"The `airflow.decorators.task` attribute is deprecated. Please use `'airflow.sdk.task'`.","category":"DeprecatedImportWarning","filename":"/opt/airflow/dags/pipeline_etl.py","lineno":1,"logger":"py.warnings"}
{"timestamp":"2026-04-09T23:31:15.068053Z","level":"info","event":"Filling up the DagBag from /opt/airflow/dags/pipeline_etl.py","logger":"airflow.models.dagbag.BundleDagBag","filename":"dagbag.py","lineno":593}
{"timestamp":"2026-04-09T23:31:15.283283Z","level":"warning","event":"The `airflow.decorators.dag` attribute is deprecated. Please use `'airflow.sdk.dag'`.","category":"DeprecatedImportWarning","filename":"/opt/airflow/dags/pipeline_etl.py","lineno":1,"logger":"py.warnings"}
{"timestamp":"2026-04-09T23:31:15.283826Z","level":"warning","event":"The `airflow.decorators.task` attribute is deprecated. Please use `'airflow.sdk.task'`.","category":"DeprecatedImportWarning","filename":"/opt/airflow/dags/pipeline_etl.py","lineno":1,"logger":"py.warnings"}
{"timestamp":"2026-04-09T23:31:46.348348Z","level":"info","event":"Filling up the DagBag from /opt/airflow/dags/pipeline_etl.py","logger":"airflow.models.dagbag.BundleDagBag","filename":"dagbag.py","lineno":593}
{"timestamp":"2026-04-09T23:31:46.410732Z","level":"warning","event":"The `airflow.decorators.dag` attribute is deprecated. Please use `'airflow.sdk.dag'`.","category":"DeprecatedImportWarning","filename":"/opt/airflow/dags/pipeline_etl.py","lineno":1,"logger":"py.warnings"}
{"timestamp":"2026-04-09T23:31:46.410919Z","level":"warning","event":"The `airflow.decorators.task` attribute is deprecated. Please use `'airflow.sdk.task'`.","category":"DeprecatedImportWarning","filename":"/opt/airflow/dags/pipeline_etl.py","lineno":1,"logger":"py.warnings"}
{"timestamp":"2026-04-09T23:32:16.572419Z","level":"info","event":"Filling up the DagBag from /opt/airflow/dags/pipeline_etl.py","logger":"airflow.models.dagbag.BundleDagBag","filename":"dagbag.py","lineno":593}
{"timestamp":"2026-04-09T23:32:16.979143Z","level":"warning","event":"The `airflow.decorators.dag` attribute is deprecated. Please use `'airflow.sdk.dag'`.","category":"DeprecatedImportWarning","filename":"/opt/airflow/dags/pipeline_etl.py","lineno":1,"logger":"py.warnings"}
{"timestamp":"2026-04-09T23:32:16.979289Z","level":"warning","event":"The `airflow.decorators.task` attribute is deprecated. Please use `'airflow.sdk.task'`.","category":"DeprecatedImportWarning","filename":"/opt/airflow/dags/pipeline_etl.py","lineno":1,"logger":"py.warnings"}
{"timestamp":"2026-04-09T23:32:47.213092Z","level":"info","event":"Filling up the DagBag from /opt/airflow/dags/pipeline_etl.py","logger":"airflow.models.dagbag.BundleDagBag","filename":"dagbag.py","lineno":593}
{"timestamp":"2026-04-09T23:32:47.247981Z","level":"warning","event":"The `airflow.decorators.dag` attribute is deprecated. Please use `'airflow.sdk.dag'`.","category":"DeprecatedImportWarning","filename":"/opt/airflow/dags/pipeline_etl.py","lineno":1,"logger":"py.warnings"}
{"timestamp":"2026-04-09T23:32:47.248201Z","level":"warning","event":"The `airflow.decorators.task` attribute is deprecated. Please use `'airflow.sdk.task'`.","category":"DeprecatedImportWarning","filename":"/opt/airflow/dags/pipeline_etl.py","lineno":1,"logger":"py.warnings"}
{"timestamp":"2026-04-09T23:33:17.596048Z","level":"info","event":"Filling up the DagBag from /opt/airflow/dags/pipeline_etl.py","logger":"airflow.models.dagbag.BundleDagBag","filename":"dagbag.py","lineno":593}
{"timestamp":"2026-04-09T23:33:17.632244Z","level":"warning","event":"The `airflow.decorators.dag` attribute is deprecated. Please use `'airflow.sdk.dag'`.","category":"DeprecatedImportWarning","filename":"/opt/airflow/dags/pipeline_etl.py","lineno":1,"logger":"py.warnings"}
{"timestamp":"2026-04-09T23:33:17.632427Z","level":"warning","event":"The `airflow.decorators.task` attribute is deprecated. Please use `'airflow.sdk.task'`.","category":"DeprecatedImportWarning","filename":"/opt/airflow/dags/pipeline_etl.py","lineno":1,"logger":"py.warnings"}
{"timestamp":"2026-04-09T23:33:45.131527Z","level":"info","event":"Filling up the DagBag from /opt/airflow/dags/pipeline_etl.py","logger":"airflow.models.dagbag.BundleDagBag","filename":"dagbag.py","lineno":593}
{"timestamp":"2026-04-09T23:33:45.392234Z","level":"error","event":"Failed to import: /opt/airflow/dags/pipeline_etl.py","logger":"airflow.models.dagbag.BundleDagBag","filename":"dagbag.py","lineno":415,"error_detail":[{"exc_type":"IndentationError","exc_value":"expected an indented block after function definition on line 19 (pipeline_etl.py, line 21)","exc_notes":[],"syntax_error":{"offset":1,"filename":"/opt/airflow/dags/pipeline_etl.py","line":"def extract_spotify() -> str:\n","lineno":21,"msg":"expected an indented block after function definition on line 19"},"is_cause":false,"frames":[{"filename":"/home/airflow/.local/lib/python3.12/site-packages/airflow/models/dagbag.py","lineno":405,"name":"parse"},{"filename":"<frozen importlib._bootstrap_external>","lineno":995,"name":"exec_module"},{"filename":"<frozen importlib._bootstrap_external>","lineno":1133,"name":"get_code"},{"filename":"<frozen importlib._bootstrap_external>","lineno":1063,"name":"source_to_code"},{"filename":"<frozen importlib._bootstrap>","lineno":488,"name":"_call_with_frames_removed"}],"is_group":false,"exceptions":[]}]}
{"timestamp":"2026-04-09T23:33:48.753468Z","level":"info","event":"Filling up the DagBag from /opt/airflow/dags/pipeline_etl.py","logger":"airflow.models.dagbag.BundleDagBag","filename":"dagbag.py","lineno":593}
{"timestamp":"2026-04-09T23:33:59.552558Z","level":"info","event":"[extract_spotify] Rows loaded: 114000","logger":"task.stdout"}
{"timestamp":"2026-04-09T23:33:58.412151Z","level":"warning","event":"The `airflow.decorators.dag` attribute is deprecated. Please use `'airflow.sdk.dag'`.","category":"DeprecatedImportWarning","filename":"/opt/airflow/dags/pipeline_etl.py","lineno":1,"logger":"py.warnings"}
{"timestamp":"2026-04-09T23:33:58.414587Z","level":"warning","event":"The `airflow.decorators.task` attribute is deprecated. Please use `'airflow.sdk.task'`.","category":"DeprecatedImportWarning","filename":"/opt/airflow/dags/pipeline_etl.py","lineno":1,"logger":"py.warnings"}
{"timestamp":"2026-04-09T23:34:30.410695Z","level":"info","event":"Filling up the DagBag from /opt/airflow/dags/pipeline_etl.py","logger":"airflow.models.dagbag.BundleDagBag","filename":"dagbag.py","lineno":593}
{"timestamp":"2026-04-09T23:34:31.251847Z","level":"info","event":"[extract_spotify] Rows loaded: 114000","logger":"task.stdout"}
{"timestamp":"2026-04-09T23:34:31.264495Z","level":"warning","event":"The `airflow.decorators.dag` attribute is deprecated. Please use `'airflow.sdk.dag'`.","category":"DeprecatedImportWarning","filename":"/opt/airflow/dags/pipeline_etl.py","lineno":1,"logger":"py.warnings"}
{"timestamp":"2026-04-09T23:34:31.264679Z","level":"warning","event":"The `airflow.decorators.task` attribute is deprecated. Please use `'airflow.sdk.task'`.","category":"DeprecatedImportWarning","filename":"/opt/airflow/dags/pipeline_etl.py","lineno":1,"logger":"py.warnings"}
{"timestamp":"2026-04-09T23:35:02.206637Z","level":"info","event":"Filling up the DagBag from /opt/airflow/dags/pipeline_etl.py","logger":"airflow.models.dagbag.BundleDagBag","filename":"dagbag.py","lineno":593}
{"timestamp":"2026-04-09T23:35:05.910622Z","level":"info","event":"[extract_spotify] Rows loaded: 114000","logger":"task.stdout"}
{"timestamp":"2026-04-09T23:35:05.944553Z","level":"warning","event":"The `airflow.decorators.dag` attribute is deprecated. Please use `'airflow.sdk.dag'`.","category":"DeprecatedImportWarning","filename":"/opt/airflow/dags/pipeline_etl.py","lineno":1,"logger":"py.warnings"}
{"timestamp":"2026-04-09T23:35:05.944813Z","level":"warning","event":"The `airflow.decorators.task` attribute is deprecated. Please use `'airflow.sdk.task'`.","category":"DeprecatedImportWarning","filename":"/opt/airflow/dags/pipeline_etl.py","lineno":1,"logger":"py.warnings"}
{"timestamp":"2026-04-09T23:35:36.528963Z","level":"info","event":"Filling up the DagBag from /opt/airflow/dags/pipeline_etl.py","logger":"airflow.models.dagbag.BundleDagBag","filename":"dagbag.py","lineno":593}
{"timestamp":"2026-04-09T23:35:37.252350Z","level":"info","event":"[extract_spotify] Rows loaded: 114000","logger":"task.stdout"}
{"timestamp":"2026-04-09T23:35:37.267364Z","level":"warning","event":"The `airflow.decorators.dag` attribute is deprecated. Please use `'airflow.sdk.dag'`.","category":"DeprecatedImportWarning","filename":"/opt/airflow/dags/pipeline_etl.py","lineno":1,"logger":"py.warnings"}
{"timestamp":"2026-04-09T23:35:37.267599Z","level":"warning","event":"The `airflow.decorators.task` attribute is deprecated. Please use `'airflow.sdk.task'`.","category":"DeprecatedImportWarning","filename":"/opt/airflow/dags/pipeline_etl.py","lineno":1,"logger":"py.warnings"}
{"timestamp":"2026-04-09T23:36:08.068952Z","level":"info","event":"Filling up the DagBag from /opt/airflow/dags/pipeline_etl.py","logger":"airflow.models.dagbag.BundleDagBag","filename":"dagbag.py","lineno":593}
{"timestamp":"2026-04-09T23:36:08.707908Z","level":"info","event":"[extract_spotify] Rows loaded: 114000","logger":"task.stdout"}
{"timestamp":"2026-04-09T23:36:08.727172Z","level":"warning","event":"The `airflow.decorators.dag` attribute is deprecated. Please use `'airflow.sdk.dag'`.","category":"DeprecatedImportWarning","filename":"/opt/airflow/dags/pipeline_etl.py","lineno":1,"logger":"py.warnings"}
{"timestamp":"2026-04-09T23:36:08.727530Z","level":"warning","event":"The `airflow.decorators.task` attribute is deprecated. Please use `'airflow.sdk.task'`.","category":"DeprecatedImportWarning","filename":"/opt/airflow/dags/pipeline_etl.py","lineno":1,"logger":"py.warnings"}
{"timestamp":"2026-04-09T23:36:10.059988Z","level":"info","event":"Filling up the DagBag from /opt/airflow/dags/pipeline_etl.py","logger":"airflow.models.dagbag.BundleDagBag","filename":"dagbag.py","lineno":593}
{"timestamp":"2026-04-09T23:36:39.451934Z","level":"info","event":"[extract_spotify] Rows loaded: 114000","logger":"task.stdout"}
{"timestamp":"2026-04-09T23:36:39.573959Z","level":"warning","event":"The `airflow.decorators.dag` attribute is deprecated. Please use `'airflow.sdk.dag'`.","category":"DeprecatedImportWarning","filename":"/opt/airflow/dags/pipeline_etl.py","lineno":1,"logger":"py.warnings"}
{"timestamp":"2026-04-09T23:36:39.574940Z","level":"warning","event":"The `airflow.decorators.task` attribute is deprecated. Please use `'airflow.sdk.task'`.","category":"DeprecatedImportWarning","filename":"/opt/airflow/dags/pipeline_etl.py","lineno":1,"logger":"py.warnings"}
{"timestamp":"2026-04-09T23:37:15.123106Z","level":"info","event":"Filling up the DagBag from /opt/airflow/dags/pipeline_etl.py","logger":"airflow.models.dagbag.BundleDagBag","filename":"dagbag.py","lineno":593}
{"timestamp":"2026-04-09T23:37:15.314318Z","level":"warning","event":"The `airflow.decorators.dag` attribute is deprecated. Please use `'airflow.sdk.dag'`.","category":"DeprecatedImportWarning","filename":"/opt/airflow/dags/pipeline_etl.py","lineno":1,"logger":"py.warnings"}
{"timestamp":"2026-04-09T23:37:15.314564Z","level":"warning","event":"The `airflow.decorators.task` attribute is deprecated. Please use `'airflow.sdk.task'`.","category":"DeprecatedImportWarning","filename":"/opt/airflow/dags/pipeline_etl.py","lineno":1,"logger":"py.warnings"}
{"timestamp":"2026-04-09T23:37:49.973542Z","level":"info","event":"Filling up the DagBag from /opt/airflow/dags/pipeline_etl.py","logger":"airflow.models.dagbag.BundleDagBag","filename":"dagbag.py","lineno":593}
{"timestamp":"2026-04-09T23:37:50.068938Z","level":"warning","event":"The `airflow.decorators.dag` attribute is deprecated. Please use `'airflow.sdk.dag'`.","category":"DeprecatedImportWarning","filename":"/opt/airflow/dags/pipeline_etl.py","lineno":1,"logger":"py.warnings"}
{"timestamp":"2026-04-09T23:37:50.069278Z","level":"warning","event":"The `airflow.decorators.task` attribute is deprecated. Please use `'airflow.sdk.task'`.","category":"DeprecatedImportWarning","filename":"/opt/airflow/dags/pipeline_etl.py","lineno":1,"logger":"py.warnings"}
{"timestamp":"2026-04-09T23:38:31.315816Z","level":"info","event":"Filling up the DagBag from /opt/airflow/dags/pipeline_etl.py","logger":"airflow.models.dagbag.BundleDagBag","filename":"dagbag.py","lineno":593}
{"timestamp":"2026-04-09T23:38:31.566544Z","level":"warning","event":"The `airflow.decorators.dag` attribute is deprecated. Please use `'airflow.sdk.dag'`.","category":"DeprecatedImportWarning","filename":"/opt/airflow/dags/pipeline_etl.py","lineno":1,"logger":"py.warnings"}
{"timestamp":"2026-04-09T23:38:31.566849Z","level":"warning","event":"The `airflow.decorators.task` attribute is deprecated. Please use `'airflow.sdk.task'`.","category":"DeprecatedImportWarning","filename":"/opt/airflow/dags/pipeline_etl.py","lineno":1,"logger":"py.warnings"}
{"timestamp":"2026-04-09T23:39:07.229838Z","level":"info","event":"Filling up the DagBag from /opt/airflow/dags/pipeline_etl.py","logger":"airflow.models.dagbag.BundleDagBag","filename":"dagbag.py","lineno":593}
{"timestamp":"2026-04-09T23:39:07.272872Z","level":"warning","event":"The `airflow.decorators.dag` attribute is deprecated. Please use `'airflow.sdk.dag'`.","category":"DeprecatedImportWarning","filename":"/opt/airflow/dags/pipeline_etl.py","lineno":1,"logger":"py.warnings"}
{"timestamp":"2026-04-09T23:39:07.273190Z","level":"warning","event":"The `airflow.decorators.task` attribute is deprecated. Please use `'airflow.sdk.task'`.","category":"DeprecatedImportWarning","filename":"/opt/airflow/dags/pipeline_etl.py","lineno":1,"logger":"py.warnings"}
{"timestamp":"2026-04-09T23:39:37.511444Z","level":"info","event":"Filling up the DagBag from /opt/airflow/dags/pipeline_etl.py","logger":"airflow.models.dagbag.BundleDagBag","filename":"dagbag.py","lineno":593}
{"timestamp":"2026-04-09T23:39:37.590788Z","level":"warning","event":"The `airflow.decorators.dag` attribute is deprecated. Please use `'airflow.sdk.dag'`.","category":"DeprecatedImportWarning","filename":"/opt/airflow/dags/pipeline_etl.py","lineno":1,"logger":"py.warnings"}
{"timestamp":"2026-04-09T23:39:37.590985Z","level":"warning","event":"The `airflow.decorators.task` attribute is deprecated. Please use `'airflow.sdk.task'`.","category":"DeprecatedImportWarning","filename":"/opt/airflow/dags/pipeline_etl.py","lineno":1,"logger":"py.warnings"}
{"timestamp":"2026-04-09T23:40:08.549947Z","level":"info","event":"Filling up the DagBag from /opt/airflow/dags/pipeline_etl.py","logger":"airflow.models.dagbag.BundleDagBag","filename":"dagbag.py","lineno":593}
{"timestamp":"2026-04-09T23:40:08.591292Z","level":"warning","event":"The `airflow.decorators.dag` attribute is deprecated. Please use `'airflow.sdk.dag'`.","category":"DeprecatedImportWarning","filename":"/opt/airflow/dags/pipeline_etl.py","lineno":1,"logger":"py.warnings"}
{"timestamp":"2026-04-09T23:40:08.591591Z","level":"warning","event":"The `airflow.decorators.task` attribute is deprecated. Please use `'airflow.sdk.task'`.","category":"DeprecatedImportWarning","filename":"/opt/airflow/dags/pipeline_etl.py","lineno":1,"logger":"py.warnings"}
{"timestamp":"2026-04-09T23:40:41.711478Z","level":"info","event":"Filling up the DagBag from /opt/airflow/dags/pipeline_etl.py","logger":"airflow.models.dagbag.BundleDagBag","filename":"dagbag.py","lineno":593}
{"timestamp":"2026-04-09T23:40:41.997734Z","level":"warning","event":"The `airflow.decorators.dag` attribute is deprecated. Please use `'airflow.sdk.dag'`.","category":"DeprecatedImportWarning","filename":"/opt/airflow/dags/pipeline_etl.py","lineno":1,"logger":"py.warnings"}
{"timestamp":"2026-04-09T23:40:41.997928Z","level":"warning","event":"The `airflow.decorators.task` attribute is deprecated. Please use `'airflow.sdk.task'`.","category":"DeprecatedImportWarning","filename":"/opt/airflow/dags/pipeline_etl.py","lineno":1,"logger":"py.warnings"}
{"timestamp":"2026-04-09T23:41:12.489960Z","level":"info","event":"Filling up the DagBag from /opt/airflow/dags/pipeline_etl.py","logger":"airflow.models.dagbag.BundleDagBag","filename":"dagbag.py","lineno":593}
{"timestamp":"2026-04-09T23:41:12.537456Z","level":"warning","event":"The `airflow.decorators.dag` attribute is deprecated. Please use `'airflow.sdk.dag'`.","category":"DeprecatedImportWarning","filename":"/opt/airflow/dags/pipeline_etl.py","lineno":1,"logger":"py.warnings"}
{"timestamp":"2026-04-09T23:41:12.537675Z","level":"warning","event":"The `airflow.decorators.task` attribute is deprecated. Please use `'airflow.sdk.task'`.","category":"DeprecatedImportWarning","filename":"/opt/airflow/dags/pipeline_etl.py","lineno":1,"logger":"py.warnings"}
{"timestamp":"2026-04-09T23:41:42.736884Z","level":"info","event":"Filling up the DagBag from /opt/airflow/dags/pipeline_etl.py","logger":"airflow.models.dagbag.BundleDagBag","filename":"dagbag.py","lineno":593}
{"timestamp":"2026-04-09T23:41:42.800943Z","level":"warning","event":"The `airflow.decorators.dag` attribute is deprecated. Please use `'airflow.sdk.dag'`.","category":"DeprecatedImportWarning","filename":"/opt/airflow/dags/pipeline_etl.py","lineno":1,"logger":"py.warnings"}
{"timestamp":"2026-04-09T23:41:42.801141Z","level":"warning","event":"The `airflow.decorators.task` attribute is deprecated. Please use `'airflow.sdk.task'`.","category":"DeprecatedImportWarning","filename":"/opt/airflow/dags/pipeline_etl.py","lineno":1,"logger":"py.warnings"}
{"timestamp":"2026-04-09T23:42:14.013807Z","level":"info","event":"Filling up the DagBag from /opt/airflow/dags/pipeline_etl.py","logger":"airflow.models.dagbag.BundleDagBag","filename":"dagbag.py","lineno":593}
{"timestamp":"2026-04-09T23:42:14.088498Z","level":"warning","event":"The `airflow.decorators.dag` attribute is deprecated. Please use `'airflow.sdk.dag'`.","category":"DeprecatedImportWarning","filename":"/opt/airflow/dags/pipeline_etl.py","lineno":1,"logger":"py.warnings"}
{"timestamp":"2026-04-09T23:42:14.088807Z","level":"warning","event":"The `airflow.decorators.task` attribute is deprecated. Please use `'airflow.sdk.task'`.","category":"DeprecatedImportWarning","filename":"/opt/airflow/dags/pipeline_etl.py","lineno":1,"logger":"py.warnings"}
{"timestamp":"2026-04-09T23:42:49.535098Z","level":"info","event":"Filling up the DagBag from /opt/airflow/dags/pipeline_etl.py","logger":"airflow.models.dagbag.BundleDagBag","filename":"dagbag.py","lineno":593}
{"timestamp":"2026-04-09T23:42:54.887739Z","level":"warning","event":"The `airflow.decorators.dag` attribute is deprecated. Please use `'airflow.sdk.dag'`.","category":"DeprecatedImportWarning","filename":"/opt/airflow/dags/pipeline_etl.py","lineno":1,"logger":"py.warnings"}
{"timestamp":"2026-04-09T23:42:54.887936Z","level":"warning","event":"The `airflow.decorators.task` attribute is deprecated. Please use `'airflow.sdk.task'`.","category":"DeprecatedImportWarning","filename":"/opt/airflow/dags/pipeline_etl.py","lineno":1,"logger":"py.warnings"}
{"timestamp":"2026-04-09T23:43:32.967811Z","level":"info","event":"Filling up the DagBag from /opt/airflow/dags/pipeline_etl.py","logger":"airflow.models.dagbag.BundleDagBag","filename":"dagbag.py","lineno":593}
{"timestamp":"2026-04-09T23:43:33.364597Z","level":"warning","event":"The `airflow.decorators.dag` attribute is deprecated. Please use `'airflow.sdk.dag'`.","category":"DeprecatedImportWarning","filename":"/opt/airflow/dags/pipeline_etl.py","lineno":1,"logger":"py.warnings"}
{"timestamp":"2026-04-09T23:43:33.364823Z","level":"warning","event":"The `airflow.decorators.task` attribute is deprecated. Please use `'airflow.sdk.task'`.","category":"DeprecatedImportWarning","filename":"/opt/airflow/dags/pipeline_etl.py","lineno":1,"logger":"py.warnings"}
{"timestamp":"2026-04-09T23:44:04.177555Z","level":"info","event":"Filling up the DagBag from /opt/airflow/dags/pipeline_etl.py","logger":"airflow.models.dagbag.BundleDagBag","filename":"dagbag.py","lineno":593}
{"timestamp":"2026-04-09T23:44:04.214352Z","level":"warning","event":"The `airflow.decorators.dag` attribute is deprecated. Please use `'airflow.sdk.dag'`.","category":"DeprecatedImportWarning","filename":"/opt/airflow/dags/pipeline_etl.py","lineno":1,"logger":"py.warnings"}
{"timestamp":"2026-04-09T23:44:04.214622Z","level":"warning","event":"The `airflow.decorators.task` attribute is deprecated. Please use `'airflow.sdk.task'`.","category":"DeprecatedImportWarning","filename":"/opt/airflow/dags/pipeline_etl.py","lineno":1,"logger":"py.warnings"}
{"timestamp":"2026-04-09T23:44:34.784602Z","level":"info","event":"Filling up the DagBag from /opt/airflow/dags/pipeline_etl.py","logger":"airflow.models.dagbag.BundleDagBag","filename":"dagbag.py","lineno":593}
{"timestamp":"2026-04-09T23:44:34.817634Z","level":"warning","event":"The `airflow.decorators.dag` attribute is deprecated. Please use `'airflow.sdk.dag'`.","category":"DeprecatedImportWarning","filename":"/opt/airflow/dags/pipeline_etl.py","lineno":1,"logger":"py.warnings"}
{"timestamp":"2026-04-09T23:44:34.817809Z","level":"warning","event":"The `airflow.decorators.task` attribute is deprecated. Please use `'airflow.sdk.task'`.","category":"DeprecatedImportWarning","filename":"/opt/airflow/dags/pipeline_etl.py","lineno":1,"logger":"py.warnings"}
{"timestamp":"2026-04-09T23:45:05.789153Z","level":"info","event":"Filling up the DagBag from /opt/airflow/dags/pipeline_etl.py","logger":"airflow.models.dagbag.BundleDagBag","filename":"dagbag.py","lineno":593}
{"timestamp":"2026-04-09T23:45:05.836304Z","level":"warning","event":"The `airflow.decorators.dag` attribute is deprecated. Please use `'airflow.sdk.dag'`.","category":"DeprecatedImportWarning","filename":"/opt/airflow/dags/pipeline_etl.py","lineno":1,"logger":"py.warnings"}
{"timestamp":"2026-04-09T23:45:05.836511Z","level":"warning","event":"The `airflow.decorators.task` attribute is deprecated. Please use `'airflow.sdk.task'`.","category":"DeprecatedImportWarning","filename":"/opt/airflow/dags/pipeline_etl.py","lineno":1,"logger":"py.warnings"}
{"timestamp":"2026-04-09T23:45:36.562504Z","level":"info","event":"Filling up the DagBag from /opt/airflow/dags/pipeline_etl.py","logger":"airflow.models.dagbag.BundleDagBag","filename":"dagbag.py","lineno":593}
{"timestamp":"2026-04-09T23:45:36.687889Z","level":"warning","event":"The `airflow.decorators.dag` attribute is deprecated. Please use `'airflow.sdk.dag'`.","category":"DeprecatedImportWarning","filename":"/opt/airflow/dags/pipeline_etl.py","lineno":1,"logger":"py.warnings"}
{"timestamp":"2026-04-09T23:45:36.688118Z","level":"warning","event":"The `airflow.decorators.task` attribute is deprecated. Please use `'airflow.sdk.task'`.","category":"DeprecatedImportWarning","filename":"/opt/airflow/dags/pipeline_etl.py","lineno":1,"logger":"py.warnings"}
{"timestamp":"2026-04-09T23:46:07.787841Z","level":"info","event":"Filling up the DagBag from /opt/airflow/dags/pipeline_etl.py","logger":"airflow.models.dagbag.BundleDagBag","filename":"dagbag.py","lineno":593}
{"timestamp":"2026-04-09T23:46:07.836270Z","level":"warning","event":"The `airflow.decorators.dag` attribute is deprecated. Please use `'airflow.sdk.dag'`.","category":"DeprecatedImportWarning","filename":"/opt/airflow/dags/pipeline_etl.py","lineno":1,"logger":"py.warnings"}
{"timestamp":"2026-04-09T23:46:07.836547Z","level":"warning","event":"The `airflow.decorators.task` attribute is deprecated. Please use `'airflow.sdk.task'`.","category":"DeprecatedImportWarning","filename":"/opt/airflow/dags/pipeline_etl.py","lineno":1,"logger":"py.warnings"}
{"timestamp":"2026-04-09T23:46:38.463987Z","level":"info","event":"Filling up the DagBag from /opt/airflow/dags/pipeline_etl.py","logger":"airflow.models.dagbag.BundleDagBag","filename":"dagbag.py","lineno":593}
{"timestamp":"2026-04-09T23:46:38.503530Z","level":"warning","event":"The `airflow.decorators.dag` attribute is deprecated. Please use `'airflow.sdk.dag'`.","category":"DeprecatedImportWarning","filename":"/opt/airflow/dags/pipeline_etl.py","lineno":1,"logger":"py.warnings"}
{"timestamp":"2026-04-09T23:46:38.503798Z","level":"warning","event":"The `airflow.decorators.task` attribute is deprecated. Please use `'airflow.sdk.task'`.","category":"DeprecatedImportWarning","filename":"/opt/airflow/dags/pipeline_etl.py","lineno":1,"logger":"py.warnings"}
{"timestamp":"2026-04-09T23:47:09.203183Z","level":"info","event":"Filling up the DagBag from /opt/airflow/dags/pipeline_etl.py","logger":"airflow.models.dagbag.BundleDagBag","filename":"dagbag.py","lineno":593}
{"timestamp":"2026-04-09T23:47:09.248018Z","level":"warning","event":"The `airflow.decorators.dag` attribute is deprecated. Please use `'airflow.sdk.dag'`.","category":"DeprecatedImportWarning","filename":"/opt/airflow/dags/pipeline_etl.py","lineno":1,"logger":"py.warnings"}
{"timestamp":"2026-04-09T23:47:09.248275Z","level":"warning","event":"The `airflow.decorators.task` attribute is deprecated. Please use `'airflow.sdk.task'`.","category":"DeprecatedImportWarning","filename":"/opt/airflow/dags/pipeline_etl.py","lineno":1,"logger":"py.warnings"}
{"timestamp":"2026-04-09T23:47:39.832327Z","level":"info","event":"Filling up the DagBag from /opt/airflow/dags/pipeline_etl.py","logger":"airflow.models.dagbag.BundleDagBag","filename":"dagbag.py","lineno":593}
{"timestamp":"2026-04-09T23:47:39.914363Z","level":"warning","event":"The `airflow.decorators.dag` attribute is deprecated. Please use `'airflow.sdk.dag'`.","category":"DeprecatedImportWarning","filename":"/opt/airflow/dags/pipeline_etl.py","lineno":1,"logger":"py.warnings"}
{"timestamp":"2026-04-09T23:47:39.914584Z","level":"warning","event":"The `airflow.decorators.task` attribute is deprecated. Please use `'airflow.sdk.task'`.","category":"DeprecatedImportWarning","filename":"/opt/airflow/dags/pipeline_etl.py","lineno":1,"logger":"py.warnings"}
{"timestamp":"2026-04-09T23:48:10.131821Z","level":"info","event":"Filling up the DagBag from /opt/airflow/dags/pipeline_etl.py","logger":"airflow.models.dagbag.BundleDagBag","filename":"dagbag.py","lineno":593}
{"timestamp":"2026-04-09T23:48:10.164995Z","level":"warning","event":"The `airflow.decorators.dag` attribute is deprecated. Please use `'airflow.sdk.dag'`.","category":"DeprecatedImportWarning","filename":"/opt/airflow/dags/pipeline_etl.py","lineno":1,"logger":"py.warnings"}
{"timestamp":"2026-04-09T23:48:10.165219Z","level":"warning","event":"The `airflow.decorators.task` attribute is deprecated. Please use `'airflow.sdk.task'`.","category":"DeprecatedImportWarning","filename":"/opt/airflow/dags/pipeline_etl.py","lineno":1,"logger":"py.warnings"}
{"timestamp":"2026-04-09T23:48:40.544540Z","level":"info","event":"Filling up the DagBag from /opt/airflow/dags/pipeline_etl.py","logger":"airflow.models.dagbag.BundleDagBag","filename":"dagbag.py","lineno":593}
{"timestamp":"2026-04-09T23:48:40.626552Z","level":"warning","event":"The `airflow.decorators.dag` attribute is deprecated. Please use `'airflow.sdk.dag'`.","category":"DeprecatedImportWarning","filename":"/opt/airflow/dags/pipeline_etl.py","lineno":1,"logger":"py.warnings"}
{"timestamp":"2026-04-09T23:48:40.626749Z","level":"warning","event":"The `airflow.decorators.task` attribute is deprecated. Please use `'airflow.sdk.task'`.","category":"DeprecatedImportWarning","filename":"/opt/airflow/dags/pipeline_etl.py","lineno":1,"logger":"py.warnings"}
{"timestamp":"2026-04-09T23:56:18.767349Z","level":"info","event":"Filling up the DagBag from /opt/airflow/dags/pipeline_etl.py","logger":"airflow.models.dagbag.BundleDagBag","filename":"dagbag.py","lineno":593}
{"timestamp":"2026-04-09T23:56:19.693046Z","level":"warning","event":"The `airflow.decorators.dag` attribute is deprecated. Please use `'airflow.sdk.dag'`.","category":"DeprecatedImportWarning","filename":"/opt/airflow/dags/pipeline_etl.py","lineno":1,"logger":"py.warnings"}
{"timestamp":"2026-04-09T23:56:19.693331Z","level":"warning","event":"The `airflow.decorators.task` attribute is deprecated. Please use `'airflow.sdk.task'`.","category":"DeprecatedImportWarning","filename":"/opt/airflow/dags/pipeline_etl.py","lineno":1,"logger":"py.warnings"}
{"timestamp":"2026-04-09T23:56:19.732627Z","level":"warning","event":"Callback requested but no callback found","dag_id":"etl_spotify_grammys","task_id":"transform","run_id":"manual__2026-04-09T23:48:33.374268+00:00","ti_id":"019d74a5-c2bc-7706-b494-33abad680615","logger":"task","filename":"processor.py","lineno":361}
